Log file open, 03/09/15 21:21:45
LogInit:Display: Running engine for game: Besieged
LogInit: Version: 4.7.2-2467323+++depot+UE4-Releases+4.7
LogInit: API Version: 2455222
LogInit: Compiled (64-bit): Mar  2 2015 23:16:34
LogInit: Compiled with Visual C++: 18.00.21005.01
LogInit: Build Configuration: Development
LogInit: Branch Name: ++depot+UE4-Releases+4.7
LogInit: Command line: 
LogInit: Base directory: E:/Unreal engine/Epic Games/4.7/Engine/Binaries/Win64/
LogInit: Rocket: 1
[2015.03.10-02.21.45:342][  0]LogTaskGraph: Started task graph with 3 named threads and 6 total threads.
[2015.03.10-02.21.45:399][  0]LogOnline:Warning: No default platform service specified for OnlineSubsystem
[2015.03.10-02.21.45:429][  0]LogInit: Presizing for 0 objects not considered by GC, pre-allocating 0 bytes.
[2015.03.10-02.21.45:437][  0]LogInit: Object subsystem initialized
[2015.03.10-02.21.45:443][  0]LogInit: Selected Device Profile: [Windows]
[2015.03.10-02.21.45:443][  0]LogInit: Applying CVar settings loaded from the selected device profile: [Windows]
[2015.03.10-02.21.45:447][  0]LogInit: Computer: JOE-PC
[2015.03.10-02.21.45:447][  0]LogInit: User: Joe
[2015.03.10-02.21.45:447][  0]LogInit: CPU Page size=4096, Cores=4
[2015.03.10-02.21.45:447][  0]LogInit: High frequency timer resolution =3.312851 MHz
[2015.03.10-02.21.45:447][  0]LogMemory: Memory total: Physical=16.0GB (16GB approx) Virtual=8192.0GB
[2015.03.10-02.21.45:447][  0]LogMemory: Platform Memory Stats for Windows
[2015.03.10-02.21.45:447][  0]LogMemory: Process Physical Memory: 47.75 MB used, 47.75 MB peak
[2015.03.10-02.21.45:447][  0]LogMemory: Process Virtual Memory: 26.44 MB used, 26.44 MB peak
[2015.03.10-02.21.45:447][  0]LogMemory: Physical Memory: 4351.54 MB used, 16362.24 MB total
[2015.03.10-02.21.45:447][  0]LogMemory: Virtual Memory: 281.30 MB used, 8388608.00 MB total
[2015.03.10-02.21.45:502][  0]LogD3D11RHI: Found D3D11 adapter 0: NVIDIA GeForce GTX 680 (Feature Level 11_0)
[2015.03.10-02.21.45:502][  0]LogD3D11RHI: Adapter has 1990MB of dedicated video memory, 0MB of dedicated system memory, and 2048MB of shared system memory, 2 output[s]
[2015.03.10-02.21.45:502][  0]LogD3D11RHI: Chosen D3D11 Adapter Id = 0
[2015.03.10-02.21.45:506][  0]LogRHI: Texture pool is 1361 MB (70% of 1945 MB)
[2015.03.10-02.21.45:514][  0]LogD3D11RHI: Async texture creation enabled
[2015.03.10-02.21.45:650][  0]LogTextLocalizationManager: The requested culture ('en_US') has no localization data; parent culture's ('en') localization data will be used.
[2015.03.10-02.21.45:761][  0]LogContentStreaming: Texture pool size is 0.000000MB
[2015.03.10-02.21.48:303][  0]LogTargetPlatformManager:Display: Building Assets For Windows
[2015.03.10-02.21.48:934][  0]LogTargetPlatformManager:Display: Building Assets For Windows
[2015.03.10-02.21.49:014][  0]LogDerivedDataCache:Display: Max Cache Size: 512 MB
[2015.03.10-02.21.49:073][  0]LogDerivedDataCache: Loaded boot cache 0.06s 39MB C:/Users/Joe/AppData/Local/UnrealEngine/4.7/DerivedDataCache/Boot.ddc.
[2015.03.10-02.21.49:073][  0]LogDerivedDataCache:Display: Loaded Boot cache: C:/Users/Joe/AppData/Local/UnrealEngine/4.7/DerivedDataCache/Boot.ddc
[2015.03.10-02.21.49:073][  0]LogDerivedDataCache: FDerivedDataBackendGraph:  Pak pak cache file ../../../../../Projects/Besieged/DerivedDataCache/DDC.ddp not found, will not use a pak cache.
[2015.03.10-02.21.49:073][  0]LogDerivedDataCache: Unable to find inner node Pak for hierarchical cache Hierarchy.
[2015.03.10-02.21.49:178][  0]LogDerivedDataCache:Display: Pak cache opened for reading ../../../Engine/DerivedDataCache/Compressed.ddp.
[2015.03.10-02.21.49:189][  0]LogDerivedDataCache: Using Local data cache path C:/Users/Joe/AppData/Local/UnrealEngine/Common/DerivedDataCache: Writable
[2015.03.10-02.21.49:493][  0]LogMeshUtilities: No automatic mesh reduction module available
[2015.03.10-02.21.49:493][  0]LogMeshUtilities: No automatic mesh merging module available
[2015.03.10-02.21.49:858][  0]LogInit: WinSock: version 1.1 (2.2), MaxSocks=32767, MaxUdp=65467
[2015.03.10-02.21.49:977][  0]LogSlate:Warning: Failed to load font data from '../../../Engine/Content/Slate/Fonts/Roboto-Italic.ttf'
[2015.03.10-02.21.51:156][  0]UdpMessaging: Initializing bridge on interface 0.0.0.0:0 to multicast group 230.0.0.1:6666.
[2015.03.10-02.21.51:490][  0]SourceControl: Info Source control is disabled
[2015.03.10-02.21.51:490][  0]SourceControl: Info Source control is disabled
[2015.03.10-02.21.51:490][  0]SourceControl: Info Source control is disabled
[2015.03.10-02.21.51:490][  0]LogSourceControl: RunCommandInternalRaw: 'git version'
[2015.03.10-02.21.51:490][  0]LogSourceControl: RunCommandInternalRaw: ExecProcess ReturnCode=2 OutResults=''
[2015.03.10-02.21.51:504][  0]SourceControl: Info Source control is disabled
[2015.03.10-02.21.51:824][  0]LogObj: 24231 objects as part of root set at end of initial load.
[2015.03.10-02.21.51:824][  0]LogUObjectAllocator: 5136432 out of 0 bytes used by permanent object pool.
[2015.03.10-02.21.51:919][  0]LogEngine: Initializing Engine...
[2015.03.10-02.21.54:057][  0]LogInit: XAudio2 using 'Speakers (USB Multi-Channel Audio Device)' : 2 channels at 44.1 kHz using 16 bits per sample (channel mask 0x3)
[2015.03.10-02.21.54:062][  0]LogInit: FAudioDevice initialized.
[2015.03.10-02.21.54:117][  0]LogAIModule: Creating AISystem for world NewWorld
[2015.03.10-02.21.54:150][  0]LogDerivedDataCache: Saved boot cache 0.03s 39MB C:/Users/Joe/AppData/Local/UnrealEngine/4.7/DerivedDataCache/Boot.ddc.
[2015.03.10-02.21.54:153][  0]LogInit: Texture streaming: Enabled
[2015.03.10-02.21.54:255][  0]LogAnalytics: Creating configured Analytics provider AnalyticsET
[2015.03.10-02.21.54:255][  0]LogAnalytics: ET APIKey = Rocket.Release. APIServer = http://et2.epicgames.com/ET2/. AppVersion = 4.7.2-2467323+++depot+UE4-Releases+4.7
[2015.03.10-02.21.54:255][  0]LogAnalytics: ET APIKey = Rocket.Release. DataRouterUploadURL = https://datarouter-public-service-gamedev.ol.epicgames.net/datarouter/api/v1/public/data. AppVersion = 4.7.2-2467323+++depot+UE4-Releases+4.7
[2015.03.10-02.21.54:255][  0]LogAnalytics: SetUserId bc97c46f45c473a86f24279856d02514|9152c747bdd2412c8380dcfdd68bbe6f|45f49899-3bdf-4aa7-ab11-e0fd3b4bf44b
[2015.03.10-02.21.54:255][  0]LogAnalytics: AnalyticsET::StartSession [Rocket.Release]
[2015.03.10-02.21.54:636][  0]LogInit: Transaction tracking system initialized
[2015.03.10-02.21.54:940][  0]BlueprintLog: New page: Editor Load
[2015.03.10-02.21.54:988][  0]LogAssetRegistry: FAssetRegistry took 0.0098 seconds to start up
[2015.03.10-02.21.54:988][  0]LogDirectoryWatcher:Warning: Failed to begin reading directory changes for ../../../Engine/Plugins/Experimental/CharacterAI/Content/. Error: 0
[2015.03.10-02.21.55:642][  0]LogTargetPlatformManager:Display: Building Assets For Windows
[2015.03.10-02.21.55:996][  0]LogTargetPlatformManager:Display: Building Assets For Windows
[2015.03.10-02.21.59:703][  0]LogSlate:Warning: Failed to load font data from '../../../Engine/Content/Editor/Slate/Fonts/Roboto-Regular.ttf'
[2015.03.10-02.21.59:703][  0]LogSlate:Warning: Failed to load font data from '../../../Engine/Content/Editor/Slate/Fonts/Roboto-Bold.ttf'
[2015.03.10-02.21.59:711][  0]LogConsoleResponse:Display: 
[2015.03.10-02.21.59:827][  0]LogCook:Display: Done creating registry. It took  0.00s.
[2015.03.10-02.22.00:073][  0]SourceControl: Info Source control is disabled
[2015.03.10-02.22.00:092][  0]LogPackageName:Error: DoesPackageExist: DoesPackageExist FAILED: 'StarterContent/StarterContent' is not a standard unreal filename or a long path name. Reason: Path should start with a '/'
[2015.03.10-02.22.00:092][  0]LogPackageName:Error: DoesPackageExist: DoesPackageExist FAILED: 'StarterContent/StarterContent' is not a standard unreal filename or a long path name. Reason: Path should start with a '/'
[2015.03.10-02.22.00:092][  0]LogFactory: FactoryCreateBinary: PackFactory with PackFactory (0 0 E:/Unreal engine/Epic Games/4.7/FeaturePacks/StarterContent.upack)
[2015.03.10-02.22.05:805][  0]LogPackFactory: Content/StarterContent/Architecture/Floor_400x400.uasset (48141) -> ../../../../../Projects/Besieged/Content/StarterContent/Architecture/Floor_400x400.uasset
[2015.03.10-02.22.05:808][  0]LogPackFactory: Content/StarterContent/Architecture/Pillar_50x500.uasset (65452) -> ../../../../../Projects/Besieged/Content/StarterContent/Architecture/Pillar_50x500.uasset
[2015.03.10-02.22.05:808][  0]LogPackFactory: Content/StarterContent/Architecture/SM_AssetPlatform.uasset (452977) -> ../../../../../Projects/Besieged/Content/StarterContent/Architecture/SM_AssetPlatform.uasset
[2015.03.10-02.22.05:809][  0]LogPackFactory: Content/StarterContent/Architecture/SM_CeilingPiece500x500.uasset (441) -> ../../../../../Projects/Besieged/Content/StarterContent/Architecture/SM_CeilingPiece500x500.uasset
[2015.03.10-02.22.05:810][  0]LogPackFactory: Content/StarterContent/Architecture/SM_FloorPiece500x500.uasset (439) -> ../../../../../Projects/Besieged/Content/StarterContent/Architecture/SM_FloorPiece500x500.uasset
[2015.03.10-02.22.05:811][  0]LogPackFactory: Content/StarterContent/Architecture/Wall_400x200.uasset (42169) -> ../../../../../Projects/Besieged/Content/StarterContent/Architecture/Wall_400x200.uasset
[2015.03.10-02.22.05:811][  0]LogPackFactory: Content/StarterContent/Architecture/Wall_400x300.uasset (41804) -> ../../../../../Projects/Besieged/Content/StarterContent/Architecture/Wall_400x300.uasset
[2015.03.10-02.22.05:812][  0]LogPackFactory: Content/StarterContent/Architecture/Wall_400x400.uasset (43426) -> ../../../../../Projects/Besieged/Content/StarterContent/Architecture/Wall_400x400.uasset
[2015.03.10-02.22.05:813][  0]LogPackFactory: Content/StarterContent/Architecture/Wall_500x500.uasset (57909) -> ../../../../../Projects/Besieged/Content/StarterContent/Architecture/Wall_500x500.uasset
[2015.03.10-02.22.05:813][  0]LogPackFactory: Content/StarterContent/Architecture/Wall_Door_400x300.uasset (52430) -> ../../../../../Projects/Besieged/Content/StarterContent/Architecture/Wall_Door_400x300.uasset
[2015.03.10-02.22.05:814][  0]LogPackFactory: Content/StarterContent/Architecture/Wall_Door_400x400.uasset (53246) -> ../../../../../Projects/Besieged/Content/StarterContent/Architecture/Wall_Door_400x400.uasset
[2015.03.10-02.22.05:814][  0]LogPackFactory: Content/StarterContent/Architecture/Wall_Window_400x300.uasset (53709) -> ../../../../../Projects/Besieged/Content/StarterContent/Architecture/Wall_Window_400x300.uasset
[2015.03.10-02.22.05:815][  0]LogPackFactory: Content/StarterContent/Architecture/Wall_Window_400x400.uasset (54778) -> ../../../../../Projects/Besieged/Content/StarterContent/Architecture/Wall_Window_400x400.uasset
[2015.03.10-02.22.05:816][  0]LogPackFactory: Content/StarterContent/Audio/Collapse01.uasset (348532) -> ../../../../../Projects/Besieged/Content/StarterContent/Audio/Collapse01.uasset
[2015.03.10-02.22.05:817][  0]LogPackFactory: Content/StarterContent/Audio/Collapse02.uasset (346701) -> ../../../../../Projects/Besieged/Content/StarterContent/Audio/Collapse02.uasset
[2015.03.10-02.22.05:817][  0]LogPackFactory: Content/StarterContent/Audio/Collapse_Cue.uasset (6113) -> ../../../../../Projects/Besieged/Content/StarterContent/Audio/Collapse_Cue.uasset
[2015.03.10-02.22.05:818][  0]LogPackFactory: Content/StarterContent/Audio/Explosion01.uasset (282440) -> ../../../../../Projects/Besieged/Content/StarterContent/Audio/Explosion01.uasset
[2015.03.10-02.22.05:819][  0]LogPackFactory: Content/StarterContent/Audio/Explosion02.uasset (289195) -> ../../../../../Projects/Besieged/Content/StarterContent/Audio/Explosion02.uasset
[2015.03.10-02.22.05:820][  0]LogPackFactory: Content/StarterContent/Audio/Explosion_Cue.uasset (7657) -> ../../../../../Projects/Besieged/Content/StarterContent/Audio/Explosion_Cue.uasset
[2015.03.10-02.22.05:820][  0]LogPackFactory: Content/StarterContent/Audio/Fire01.uasset (549696) -> ../../../../../Projects/Besieged/Content/StarterContent/Audio/Fire01.uasset
[2015.03.10-02.22.05:821][  0]LogPackFactory: Content/StarterContent/Audio/Fire01_Cue.uasset (3894) -> ../../../../../Projects/Besieged/Content/StarterContent/Audio/Fire01_Cue.uasset
[2015.03.10-02.22.05:822][  0]LogPackFactory: Content/StarterContent/Audio/Fire_Sparks01.uasset (796274) -> ../../../../../Projects/Besieged/Content/StarterContent/Audio/Fire_Sparks01.uasset
[2015.03.10-02.22.05:822][  0]LogPackFactory: Content/StarterContent/Audio/Fire_Sparks01_Cue.uasset (3908) -> ../../../../../Projects/Besieged/Content/StarterContent/Audio/Fire_Sparks01_Cue.uasset
[2015.03.10-02.22.05:823][  0]LogPackFactory: Content/StarterContent/Audio/Light01.uasset (364532) -> ../../../../../Projects/Besieged/Content/StarterContent/Audio/Light01.uasset
[2015.03.10-02.22.05:824][  0]LogPackFactory: Content/StarterContent/Audio/Light01_Cue.uasset (3852) -> ../../../../../Projects/Besieged/Content/StarterContent/Audio/Light01_Cue.uasset
[2015.03.10-02.22.05:824][  0]LogPackFactory: Content/StarterContent/Audio/Light02.uasset (308156) -> ../../../../../Projects/Besieged/Content/StarterContent/Audio/Light02.uasset
[2015.03.10-02.22.05:825][  0]LogPackFactory: Content/StarterContent/Audio/Light02_Cue.uasset (3852) -> ../../../../../Projects/Besieged/Content/StarterContent/Audio/Light02_Cue.uasset
[2015.03.10-02.22.05:826][  0]LogPackFactory: Content/StarterContent/Audio/Smoke01.uasset (476002) -> ../../../../../Projects/Besieged/Content/StarterContent/Audio/Smoke01.uasset
[2015.03.10-02.22.05:826][  0]LogPackFactory: Content/StarterContent/Audio/Smoke01_Cue.uasset (3872) -> ../../../../../Projects/Besieged/Content/StarterContent/Audio/Smoke01_Cue.uasset
[2015.03.10-02.22.05:827][  0]LogPackFactory: Content/StarterContent/Audio/Starter_Background_Cue.uasset (9874) -> ../../../../../Projects/Besieged/Content/StarterContent/Audio/Starter_Background_Cue.uasset
[2015.03.10-02.22.05:828][  0]LogPackFactory: Content/StarterContent/Audio/Starter_Birds01.uasset (2689459) -> ../../../../../Projects/Besieged/Content/StarterContent/Audio/Starter_Birds01.uasset
[2015.03.10-02.22.05:829][  0]LogPackFactory: Content/StarterContent/Audio/Starter_Music01.uasset (8445372) -> ../../../../../Projects/Besieged/Content/StarterContent/Audio/Starter_Music01.uasset
[2015.03.10-02.22.05:834][  0]LogPackFactory: Content/StarterContent/Audio/Starter_Music_Cue.uasset (3390) -> ../../../../../Projects/Besieged/Content/StarterContent/Audio/Starter_Music_Cue.uasset
[2015.03.10-02.22.05:834][  0]LogPackFactory: Content/StarterContent/Audio/Starter_Wind05.uasset (2312702) -> ../../../../../Projects/Besieged/Content/StarterContent/Audio/Starter_Wind05.uasset
[2015.03.10-02.22.05:836][  0]LogPackFactory: Content/StarterContent/Audio/Starter_Wind06.uasset (2195539) -> ../../../../../Projects/Besieged/Content/StarterContent/Audio/Starter_Wind06.uasset
[2015.03.10-02.22.05:837][  0]LogPackFactory: Content/StarterContent/Audio/Steam01.uasset (819028) -> ../../../../../Projects/Besieged/Content/StarterContent/Audio/Steam01.uasset
[2015.03.10-02.22.05:838][  0]LogPackFactory: Content/StarterContent/Audio/Steam01_Cue.uasset (3900) -> ../../../../../Projects/Besieged/Content/StarterContent/Audio/Steam01_Cue.uasset
[2015.03.10-02.22.05:839][  0]LogPackFactory: Content/StarterContent/Blueprints/Assets/FogBrightnessLUT.uasset (1011) -> ../../../../../Projects/Besieged/Content/StarterContent/Blueprints/Assets/FogBrightnessLUT.uasset
[2015.03.10-02.22.05:840][  0]LogPackFactory: Content/StarterContent/Blueprints/Assets/M_LightStage_Arrows.uasset (44857) -> ../../../../../Projects/Besieged/Content/StarterContent/Blueprints/Assets/M_LightStage_Arrows.uasset
[2015.03.10-02.22.05:840][  0]LogPackFactory: Content/StarterContent/Blueprints/Assets/M_LightStage_Skybox_Black.uasset (67062) -> ../../../../../Projects/Besieged/Content/StarterContent/Blueprints/Assets/M_LightStage_Skybox_Black.uasset
[2015.03.10-02.22.05:841][  0]LogPackFactory: Content/StarterContent/Blueprints/Assets/M_LightStage_Skybox_HDRI.uasset (100458) -> ../../../../../Projects/Besieged/Content/StarterContent/Blueprints/Assets/M_LightStage_Skybox_HDRI.uasset
[2015.03.10-02.22.05:842][  0]LogPackFactory: Content/StarterContent/Blueprints/Assets/M_LightStage_Skybox_Master.uasset (75669) -> ../../../../../Projects/Besieged/Content/StarterContent/Blueprints/Assets/M_LightStage_Skybox_Master.uasset
[2015.03.10-02.22.05:843][  0]LogPackFactory: Content/StarterContent/Blueprints/Assets/Skybox.uasset (644855) -> ../../../../../Projects/Besieged/Content/StarterContent/Blueprints/Assets/Skybox.uasset
[2015.03.10-02.22.05:843][  0]LogPackFactory: Content/StarterContent/Blueprints/Assets/SM_Arrows.uasset (520136) -> ../../../../../Projects/Besieged/Content/StarterContent/Blueprints/Assets/SM_Arrows.uasset
[2015.03.10-02.22.05:844][  0]LogPackFactory: Content/StarterContent/Blueprints/Assets/SunlightColorLUT.uasset (1506) -> ../../../../../Projects/Besieged/Content/StarterContent/Blueprints/Assets/SunlightColorLUT.uasset
[2015.03.10-02.22.05:845][  0]LogPackFactory: Content/StarterContent/Blueprints/Blueprint_CeilingLight.uasset (66613) -> ../../../../../Projects/Besieged/Content/StarterContent/Blueprints/Blueprint_CeilingLight.uasset
[2015.03.10-02.22.05:846][  0]LogPackFactory: Content/StarterContent/Blueprints/Blueprint_Effect_Explosion.uasset (8324) -> ../../../../../Projects/Besieged/Content/StarterContent/Blueprints/Blueprint_Effect_Explosion.uasset
[2015.03.10-02.22.05:847][  0]LogPackFactory: Content/StarterContent/Blueprints/Blueprint_Effect_Fire.uasset (8332) -> ../../../../../Projects/Besieged/Content/StarterContent/Blueprints/Blueprint_Effect_Fire.uasset
[2015.03.10-02.22.05:847][  0]LogPackFactory: Content/StarterContent/Blueprints/Blueprint_Effect_Smoke.uasset (8346) -> ../../../../../Projects/Besieged/Content/StarterContent/Blueprints/Blueprint_Effect_Smoke.uasset
[2015.03.10-02.22.05:848][  0]LogPackFactory: Content/StarterContent/Blueprints/Blueprint_Effect_Sparks.uasset (8365) -> ../../../../../Projects/Besieged/Content/StarterContent/Blueprints/Blueprint_Effect_Sparks.uasset
[2015.03.10-02.22.05:848][  0]LogPackFactory: Content/StarterContent/Blueprints/Blueprint_Effect_Steam.uasset (8354) -> ../../../../../Projects/Besieged/Content/StarterContent/Blueprints/Blueprint_Effect_Steam.uasset
[2015.03.10-02.22.05:849][  0]LogPackFactory: Content/StarterContent/Blueprints/Blueprint_WallSconce.uasset (52866) -> ../../../../../Projects/Besieged/Content/StarterContent/Blueprints/Blueprint_WallSconce.uasset
[2015.03.10-02.22.05:850][  0]LogPackFactory: Content/StarterContent/Blueprints/BP_LightStudio.uasset (337416) -> ../../../../../Projects/Besieged/Content/StarterContent/Blueprints/BP_LightStudio.uasset
[2015.03.10-02.22.05:850][  0]LogPackFactory: Content/StarterContent/HDRI/HDRI_Epic_Courtyard_Daylight.uasset (72364642) -> ../../../../../Projects/Besieged/Content/StarterContent/HDRI/HDRI_Epic_Courtyard_Daylight.uasset
[2015.03.10-02.22.05:882][  0]LogPackFactory: Content/StarterContent/Maps/Advanced_Lighting.umap (223408) -> ../../../../../Projects/Besieged/Content/StarterContent/Maps/Advanced_Lighting.umap
[2015.03.10-02.22.05:882][  0]LogPackFactory: Content/StarterContent/Maps/Minimal_Default.umap (2154106) -> ../../../../../Projects/Besieged/Content/StarterContent/Maps/Minimal_Default.umap
[2015.03.10-02.22.05:884][  0]LogPackFactory: Content/StarterContent/Maps/StarterMap.umap (16371806) -> ../../../../../Projects/Besieged/Content/StarterContent/Maps/StarterMap.umap
[2015.03.10-02.22.05:891][  0]LogPackFactory: Content/StarterContent/Materials/M_AssetPlatform.uasset (68672) -> ../../../../../Projects/Besieged/Content/StarterContent/Materials/M_AssetPlatform.uasset
[2015.03.10-02.22.05:892][  0]LogPackFactory: Content/StarterContent/Materials/M_Basic_Floor.uasset (65286) -> ../../../../../Projects/Besieged/Content/StarterContent/Materials/M_Basic_Floor.uasset
[2015.03.10-02.22.05:893][  0]LogPackFactory: Content/StarterContent/Materials/M_Basic_Wall.uasset (55455) -> ../../../../../Projects/Besieged/Content/StarterContent/Materials/M_Basic_Wall.uasset
[2015.03.10-02.22.05:893][  0]LogPackFactory: Content/StarterContent/Materials/M_Brick_Clay_Beveled.uasset (100568) -> ../../../../../Projects/Besieged/Content/StarterContent/Materials/M_Brick_Clay_Beveled.uasset
[2015.03.10-02.22.05:894][  0]LogPackFactory: Content/StarterContent/Materials/M_Brick_Clay_New.uasset (130734) -> ../../../../../Projects/Besieged/Content/StarterContent/Materials/M_Brick_Clay_New.uasset
[2015.03.10-02.22.05:895][  0]LogPackFactory: Content/StarterContent/Materials/M_Brick_Clay_Old.uasset (123390) -> ../../../../../Projects/Besieged/Content/StarterContent/Materials/M_Brick_Clay_Old.uasset
[2015.03.10-02.22.05:895][  0]LogPackFactory: Content/StarterContent/Materials/M_Brick_Cut_Stone.uasset (122803) -> ../../../../../Projects/Besieged/Content/StarterContent/Materials/M_Brick_Cut_Stone.uasset
[2015.03.10-02.22.05:896][  0]LogPackFactory: Content/StarterContent/Materials/M_Brick_Hewn_Stone.uasset (90915) -> ../../../../../Projects/Besieged/Content/StarterContent/Materials/M_Brick_Hewn_Stone.uasset
[2015.03.10-02.22.05:897][  0]LogPackFactory: Content/StarterContent/Materials/M_Ceramic_Tile_Checker.uasset (91562) -> ../../../../../Projects/Besieged/Content/StarterContent/Materials/M_Ceramic_Tile_Checker.uasset
[2015.03.10-02.22.05:897][  0]LogPackFactory: Content/StarterContent/Materials/M_CobbleStone_Pebble.uasset (122364) -> ../../../../../Projects/Besieged/Content/StarterContent/Materials/M_CobbleStone_Pebble.uasset
[2015.03.10-02.22.05:898][  0]LogPackFactory: Content/StarterContent/Materials/M_CobbleStone_Rough.uasset (199387) -> ../../../../../Projects/Besieged/Content/StarterContent/Materials/M_CobbleStone_Rough.uasset
[2015.03.10-02.22.05:899][  0]LogPackFactory: Content/StarterContent/Materials/M_CobbleStone_Smooth.uasset (206806) -> ../../../../../Projects/Besieged/Content/StarterContent/Materials/M_CobbleStone_Smooth.uasset
[2015.03.10-02.22.05:899][  0]LogPackFactory: Content/StarterContent/Materials/M_ColorGrid_LowSpec.uasset (85099) -> ../../../../../Projects/Besieged/Content/StarterContent/Materials/M_ColorGrid_LowSpec.uasset
[2015.03.10-02.22.05:900][  0]LogPackFactory: Content/StarterContent/Materials/M_Concrete_Grime.uasset (91620) -> ../../../../../Projects/Besieged/Content/StarterContent/Materials/M_Concrete_Grime.uasset
[2015.03.10-02.22.05:901][  0]LogPackFactory: Content/StarterContent/Materials/M_Concrete_Panels.uasset (102285) -> ../../../../../Projects/Besieged/Content/StarterContent/Materials/M_Concrete_Panels.uasset
[2015.03.10-02.22.05:901][  0]LogPackFactory: Content/StarterContent/Materials/M_Concrete_Poured.uasset (104859) -> ../../../../../Projects/Besieged/Content/StarterContent/Materials/M_Concrete_Poured.uasset
[2015.03.10-02.22.05:902][  0]LogPackFactory: Content/StarterContent/Materials/M_Concrete_Tiles.uasset (105831) -> ../../../../../Projects/Besieged/Content/StarterContent/Materials/M_Concrete_Tiles.uasset
[2015.03.10-02.22.05:903][  0]LogPackFactory: Content/StarterContent/Materials/M_Glass.uasset (48151) -> ../../../../../Projects/Besieged/Content/StarterContent/Materials/M_Glass.uasset
[2015.03.10-02.22.05:904][  0]LogPackFactory: Content/StarterContent/Materials/M_Ground_Grass.uasset (95378) -> ../../../../../Projects/Besieged/Content/StarterContent/Materials/M_Ground_Grass.uasset
[2015.03.10-02.22.05:904][  0]LogPackFactory: Content/StarterContent/Materials/M_Ground_Gravel.uasset (120447) -> ../../../../../Projects/Besieged/Content/StarterContent/Materials/M_Ground_Gravel.uasset
[2015.03.10-02.22.05:905][  0]LogPackFactory: Content/StarterContent/Materials/M_Ground_Moss.uasset (128000) -> ../../../../../Projects/Besieged/Content/StarterContent/Materials/M_Ground_Moss.uasset
[2015.03.10-02.22.05:905][  0]LogPackFactory: Content/StarterContent/Materials/M_Metal_Brushed_Nickel.uasset (79826) -> ../../../../../Projects/Besieged/Content/StarterContent/Materials/M_Metal_Brushed_Nickel.uasset
[2015.03.10-02.22.05:906][  0]LogPackFactory: Content/StarterContent/Materials/M_Metal_Burnished_Steel.uasset (97779) -> ../../../../../Projects/Besieged/Content/StarterContent/Materials/M_Metal_Burnished_Steel.uasset
[2015.03.10-02.22.05:907][  0]LogPackFactory: Content/StarterContent/Materials/M_Metal_Chrome.uasset (79618) -> ../../../../../Projects/Besieged/Content/StarterContent/Materials/M_Metal_Chrome.uasset
[2015.03.10-02.22.05:907][  0]LogPackFactory: Content/StarterContent/Materials/M_Metal_Copper.uasset (94475) -> ../../../../../Projects/Besieged/Content/StarterContent/Materials/M_Metal_Copper.uasset
[2015.03.10-02.22.05:908][  0]LogPackFactory: Content/StarterContent/Materials/M_Metal_Gold.uasset (96084) -> ../../../../../Projects/Besieged/Content/StarterContent/Materials/M_Metal_Gold.uasset
[2015.03.10-02.22.05:909][  0]LogPackFactory: Content/StarterContent/Materials/M_Metal_Rust.uasset (109365) -> ../../../../../Projects/Besieged/Content/StarterContent/Materials/M_Metal_Rust.uasset
[2015.03.10-02.22.05:910][  0]LogPackFactory: Content/StarterContent/Materials/M_Metal_Steel.uasset (96230) -> ../../../../../Projects/Besieged/Content/StarterContent/Materials/M_Metal_Steel.uasset
[2015.03.10-02.22.05:910][  0]LogPackFactory: Content/StarterContent/Materials/M_Rock_Basalt.uasset (121462) -> ../../../../../Projects/Besieged/Content/StarterContent/Materials/M_Rock_Basalt.uasset
[2015.03.10-02.22.05:911][  0]LogPackFactory: Content/StarterContent/Materials/M_Rock_Marble_Polished.uasset (98409) -> ../../../../../Projects/Besieged/Content/StarterContent/Materials/M_Rock_Marble_Polished.uasset
[2015.03.10-02.22.05:911][  0]LogPackFactory: Content/StarterContent/Materials/M_Rock_Sandstone.uasset (113552) -> ../../../../../Projects/Besieged/Content/StarterContent/Materials/M_Rock_Sandstone.uasset
[2015.03.10-02.22.05:912][  0]LogPackFactory: Content/StarterContent/Materials/M_Rock_Slate.uasset (110874) -> ../../../../../Projects/Besieged/Content/StarterContent/Materials/M_Rock_Slate.uasset
[2015.03.10-02.22.05:913][  0]LogPackFactory: Content/StarterContent/Materials/M_Tech_Checker_Dot.uasset (98373) -> ../../../../../Projects/Besieged/Content/StarterContent/Materials/M_Tech_Checker_Dot.uasset
[2015.03.10-02.22.05:913][  0]LogPackFactory: Content/StarterContent/Materials/M_Tech_Hex_Tile.uasset (140303) -> ../../../../../Projects/Besieged/Content/StarterContent/Materials/M_Tech_Hex_Tile.uasset
[2015.03.10-02.22.05:914][  0]LogPackFactory: Content/StarterContent/Materials/M_Tech_Hex_Tile_Pulse.uasset (115223) -> ../../../../../Projects/Besieged/Content/StarterContent/Materials/M_Tech_Hex_Tile_Pulse.uasset
[2015.03.10-02.22.05:915][  0]LogPackFactory: Content/StarterContent/Materials/M_Tech_Panel.uasset (98003) -> ../../../../../Projects/Besieged/Content/StarterContent/Materials/M_Tech_Panel.uasset
[2015.03.10-02.22.05:916][  0]LogPackFactory: Content/StarterContent/Materials/M_Water_Lake.uasset (96267) -> ../../../../../Projects/Besieged/Content/StarterContent/Materials/M_Water_Lake.uasset
[2015.03.10-02.22.05:916][  0]LogPackFactory: Content/StarterContent/Materials/M_Water_Ocean.uasset (100717) -> ../../../../../Projects/Besieged/Content/StarterContent/Materials/M_Water_Ocean.uasset
[2015.03.10-02.22.05:917][  0]LogPackFactory: Content/StarterContent/Materials/M_Wood_Floor_Walnut_Polished.uasset (82816) -> ../../../../../Projects/Besieged/Content/StarterContent/Materials/M_Wood_Floor_Walnut_Polished.uasset
[2015.03.10-02.22.05:918][  0]LogPackFactory: Content/StarterContent/Materials/M_Wood_Floor_Walnut_Worn.uasset (100628) -> ../../../../../Projects/Besieged/Content/StarterContent/Materials/M_Wood_Floor_Walnut_Worn.uasset
[2015.03.10-02.22.05:918][  0]LogPackFactory: Content/StarterContent/Materials/M_Wood_Oak.uasset (107121) -> ../../../../../Projects/Besieged/Content/StarterContent/Materials/M_Wood_Oak.uasset
[2015.03.10-02.22.05:919][  0]LogPackFactory: Content/StarterContent/Materials/M_Wood_Pine.uasset (97740) -> ../../../../../Projects/Besieged/Content/StarterContent/Materials/M_Wood_Pine.uasset
[2015.03.10-02.22.05:920][  0]LogPackFactory: Content/StarterContent/Materials/M_Wood_Walnut.uasset (93022) -> ../../../../../Projects/Besieged/Content/StarterContent/Materials/M_Wood_Walnut.uasset
[2015.03.10-02.22.05:920][  0]LogPackFactory: Content/StarterContent/Particles/Materials/M_Burst.uasset (43524) -> ../../../../../Projects/Besieged/Content/StarterContent/Particles/Materials/M_Burst.uasset
[2015.03.10-02.22.05:937][  0]LogPackFactory: Content/StarterContent/Particles/Materials/M_Dust_Particle.uasset (40952) -> ../../../../../Projects/Besieged/Content/StarterContent/Particles/Materials/M_Dust_Particle.uasset
[2015.03.10-02.22.05:937][  0]LogPackFactory: Content/StarterContent/Particles/Materials/M_explosion_subUV.uasset (62151) -> ../../../../../Projects/Besieged/Content/StarterContent/Particles/Materials/M_explosion_subUV.uasset
[2015.03.10-02.22.05:938][  0]LogPackFactory: Content/StarterContent/Particles/Materials/M_Fire_SubUV.uasset (62224) -> ../../../../../Projects/Besieged/Content/StarterContent/Particles/Materials/M_Fire_SubUV.uasset
[2015.03.10-02.22.05:939][  0]LogPackFactory: Content/StarterContent/Particles/Materials/m_flare_01.uasset (48172) -> ../../../../../Projects/Besieged/Content/StarterContent/Particles/Materials/m_flare_01.uasset
[2015.03.10-02.22.05:940][  0]LogPackFactory: Content/StarterContent/Particles/Materials/M_Heat_Distortion.uasset (38287) -> ../../../../../Projects/Besieged/Content/StarterContent/Particles/Materials/M_Heat_Distortion.uasset
[2015.03.10-02.22.05:940][  0]LogPackFactory: Content/StarterContent/Particles/Materials/M_Radial_Gradient.uasset (41181) -> ../../../../../Projects/Besieged/Content/StarterContent/Particles/Materials/M_Radial_Gradient.uasset
[2015.03.10-02.22.05:941][  0]LogPackFactory: Content/StarterContent/Particles/Materials/M_radial_ramp.uasset (41193) -> ../../../../../Projects/Besieged/Content/StarterContent/Particles/Materials/M_radial_ramp.uasset
[2015.03.10-02.22.05:942][  0]LogPackFactory: Content/StarterContent/Particles/Materials/M_smoke_subUV.uasset (76603) -> ../../../../../Projects/Besieged/Content/StarterContent/Particles/Materials/M_smoke_subUV.uasset
[2015.03.10-02.22.05:942][  0]LogPackFactory: Content/StarterContent/Particles/Materials/M_Spark.uasset (43678) -> ../../../../../Projects/Besieged/Content/StarterContent/Particles/Materials/M_Spark.uasset
[2015.03.10-02.22.05:943][  0]LogPackFactory: Content/StarterContent/Particles/P_Ambient_Dust.uasset (43456) -> ../../../../../Projects/Besieged/Content/StarterContent/Particles/P_Ambient_Dust.uasset
[2015.03.10-02.22.05:944][  0]LogPackFactory: Content/StarterContent/Particles/P_Explosion.uasset (280221) -> ../../../../../Projects/Besieged/Content/StarterContent/Particles/P_Explosion.uasset
[2015.03.10-02.22.05:945][  0]LogPackFactory: Content/StarterContent/Particles/P_Fire.uasset (259431) -> ../../../../../Projects/Besieged/Content/StarterContent/Particles/P_Fire.uasset
[2015.03.10-02.22.05:945][  0]LogPackFactory: Content/StarterContent/Particles/P_Smoke.uasset (65670) -> ../../../../../Projects/Besieged/Content/StarterContent/Particles/P_Smoke.uasset
[2015.03.10-02.22.05:946][  0]LogPackFactory: Content/StarterContent/Particles/P_Sparks.uasset (171805) -> ../../../../../Projects/Besieged/Content/StarterContent/Particles/P_Sparks.uasset
[2015.03.10-02.22.05:947][  0]LogPackFactory: Content/StarterContent/Particles/P_Steam_Lit.uasset (117332) -> ../../../../../Projects/Besieged/Content/StarterContent/Particles/P_Steam_Lit.uasset
[2015.03.10-02.22.05:947][  0]LogPackFactory: Content/StarterContent/Props/Materials/M_Bush.uasset (99988) -> ../../../../../Projects/Besieged/Content/StarterContent/Props/Materials/M_Bush.uasset
[2015.03.10-02.22.05:948][  0]LogPackFactory: Content/StarterContent/Props/Materials/M_Chair.uasset (90187) -> ../../../../../Projects/Besieged/Content/StarterContent/Props/Materials/M_Chair.uasset
[2015.03.10-02.22.05:949][  0]LogPackFactory: Content/StarterContent/Props/Materials/M_Door.uasset (87249) -> ../../../../../Projects/Besieged/Content/StarterContent/Props/Materials/M_Door.uasset
[2015.03.10-02.22.05:950][  0]LogPackFactory: Content/StarterContent/Props/Materials/M_Frame.uasset (78682) -> ../../../../../Projects/Besieged/Content/StarterContent/Props/Materials/M_Frame.uasset
[2015.03.10-02.22.05:950][  0]LogPackFactory: Content/StarterContent/Props/Materials/M_Lamp.uasset (90486) -> ../../../../../Projects/Besieged/Content/StarterContent/Props/Materials/M_Lamp.uasset
[2015.03.10-02.22.05:951][  0]LogPackFactory: Content/StarterContent/Props/Materials/M_MaterialSphere.uasset (66766) -> ../../../../../Projects/Besieged/Content/StarterContent/Props/Materials/M_MaterialSphere.uasset
[2015.03.10-02.22.05:952][  0]LogPackFactory: Content/StarterContent/Props/Materials/M_MaterialSphere_Plain.uasset (58832) -> ../../../../../Projects/Besieged/Content/StarterContent/Props/Materials/M_MaterialSphere_Plain.uasset
[2015.03.10-02.22.05:952][  0]LogPackFactory: Content/StarterContent/Props/Materials/M_Rock.uasset (114715) -> ../../../../../Projects/Besieged/Content/StarterContent/Props/Materials/M_Rock.uasset
[2015.03.10-02.22.05:953][  0]LogPackFactory: Content/StarterContent/Props/Materials/M_Shelf.uasset (78255) -> ../../../../../Projects/Besieged/Content/StarterContent/Props/Materials/M_Shelf.uasset
[2015.03.10-02.22.05:954][  0]LogPackFactory: Content/StarterContent/Props/Materials/M_Statue.uasset (72790) -> ../../../../../Projects/Besieged/Content/StarterContent/Props/Materials/M_Statue.uasset
[2015.03.10-02.22.05:955][  0]LogPackFactory: Content/StarterContent/Props/Materials/M_StatueGlass.uasset (56436) -> ../../../../../Projects/Besieged/Content/StarterContent/Props/Materials/M_StatueGlass.uasset
[2015.03.10-02.22.05:955][  0]LogPackFactory: Content/StarterContent/Props/Materials/M_TableRound.uasset (89531) -> ../../../../../Projects/Besieged/Content/StarterContent/Props/Materials/M_TableRound.uasset
[2015.03.10-02.22.05:956][  0]LogPackFactory: Content/StarterContent/Props/MaterialSphere.uasset (174533) -> ../../../../../Projects/Besieged/Content/StarterContent/Props/MaterialSphere.uasset
[2015.03.10-02.22.05:957][  0]LogPackFactory: Content/StarterContent/Props/SM_Bush.uasset (152902) -> ../../../../../Projects/Besieged/Content/StarterContent/Props/SM_Bush.uasset
[2015.03.10-02.22.05:957][  0]LogPackFactory: Content/StarterContent/Props/SM_Chair.uasset (213058) -> ../../../../../Projects/Besieged/Content/StarterContent/Props/SM_Chair.uasset
[2015.03.10-02.22.05:959][  0]LogPackFactory: Content/StarterContent/Props/SM_CornerFrame.uasset (104587) -> ../../../../../Projects/Besieged/Content/StarterContent/Props/SM_CornerFrame.uasset
[2015.03.10-02.22.05:960][  0]LogPackFactory: Content/StarterContent/Props/SM_Couch.uasset (254658) -> ../../../../../Projects/Besieged/Content/StarterContent/Props/SM_Couch.uasset
[2015.03.10-02.22.05:960][  0]LogPackFactory: Content/StarterContent/Props/SM_Door.uasset (214917) -> ../../../../../Projects/Besieged/Content/StarterContent/Props/SM_Door.uasset
[2015.03.10-02.22.05:961][  0]LogPackFactory: Content/StarterContent/Props/SM_DoorFrame.uasset (65546) -> ../../../../../Projects/Besieged/Content/StarterContent/Props/SM_DoorFrame.uasset
[2015.03.10-02.22.05:962][  0]LogPackFactory: Content/StarterContent/Props/SM_GlassWindow.uasset (97538) -> ../../../../../Projects/Besieged/Content/StarterContent/Props/SM_GlassWindow.uasset
[2015.03.10-02.22.05:962][  0]LogPackFactory: Content/StarterContent/Props/SM_Lamp_Ceiling.uasset (318571) -> ../../../../../Projects/Besieged/Content/StarterContent/Props/SM_Lamp_Ceiling.uasset
[2015.03.10-02.22.05:963][  0]LogPackFactory: Content/StarterContent/Props/SM_Lamp_Wall.uasset (140246) -> ../../../../../Projects/Besieged/Content/StarterContent/Props/SM_Lamp_Wall.uasset
[2015.03.10-02.22.05:964][  0]LogPackFactory: Content/StarterContent/Props/SM_MatPreviewMesh_02.uasset (2396647) -> ../../../../../Projects/Besieged/Content/StarterContent/Props/SM_MatPreviewMesh_02.uasset
[2015.03.10-02.22.05:965][  0]LogPackFactory: Content/StarterContent/Props/SM_PillarFrame.uasset (127007) -> ../../../../../Projects/Besieged/Content/StarterContent/Props/SM_PillarFrame.uasset
[2015.03.10-02.22.05:966][  0]LogPackFactory: Content/StarterContent/Props/SM_PillarFrame300.uasset (124350) -> ../../../../../Projects/Besieged/Content/StarterContent/Props/SM_PillarFrame300.uasset
[2015.03.10-02.22.05:966][  0]LogPackFactory: Content/StarterContent/Props/SM_Rock.uasset (175516) -> ../../../../../Projects/Besieged/Content/StarterContent/Props/SM_Rock.uasset
[2015.03.10-02.22.05:967][  0]LogPackFactory: Content/StarterContent/Props/SM_Shelf.uasset (108862) -> ../../../../../Projects/Besieged/Content/StarterContent/Props/SM_Shelf.uasset
[2015.03.10-02.22.05:968][  0]LogPackFactory: Content/StarterContent/Props/SM_Stairs.uasset (66807) -> ../../../../../Projects/Besieged/Content/StarterContent/Props/SM_Stairs.uasset
[2015.03.10-02.22.05:968][  0]LogPackFactory: Content/StarterContent/Props/SM_Statue.uasset (537153) -> ../../../../../Projects/Besieged/Content/StarterContent/Props/SM_Statue.uasset
[2015.03.10-02.22.05:969][  0]LogPackFactory: Content/StarterContent/Props/SM_TableRound.uasset (528732) -> ../../../../../Projects/Besieged/Content/StarterContent/Props/SM_TableRound.uasset
[2015.03.10-02.22.05:970][  0]LogPackFactory: Content/StarterContent/Props/SM_WindowFrame.uasset (68758) -> ../../../../../Projects/Besieged/Content/StarterContent/Props/SM_WindowFrame.uasset
[2015.03.10-02.22.05:971][  0]LogPackFactory: Content/StarterContent/Shapes/Shape_Cone.uasset (94233) -> ../../../../../Projects/Besieged/Content/StarterContent/Shapes/Shape_Cone.uasset
[2015.03.10-02.22.05:971][  0]LogPackFactory: Content/StarterContent/Shapes/Shape_Cube.uasset (45498) -> ../../../../../Projects/Besieged/Content/StarterContent/Shapes/Shape_Cube.uasset
[2015.03.10-02.22.05:972][  0]LogPackFactory: Content/StarterContent/Shapes/Shape_Cylinder.uasset (109276) -> ../../../../../Projects/Besieged/Content/StarterContent/Shapes/Shape_Cylinder.uasset
[2015.03.10-02.22.05:973][  0]LogPackFactory: Content/StarterContent/Shapes/Shape_NarrowCapsule.uasset (211325) -> ../../../../../Projects/Besieged/Content/StarterContent/Shapes/Shape_NarrowCapsule.uasset
[2015.03.10-02.22.05:974][  0]LogPackFactory: Content/StarterContent/Shapes/Shape_Pipe.uasset (78407) -> ../../../../../Projects/Besieged/Content/StarterContent/Shapes/Shape_Pipe.uasset
[2015.03.10-02.22.05:974][  0]LogPackFactory: Content/StarterContent/Shapes/Shape_Pipe_180.uasset (193692) -> ../../../../../Projects/Besieged/Content/StarterContent/Shapes/Shape_Pipe_180.uasset
[2015.03.10-02.22.05:975][  0]LogPackFactory: Content/StarterContent/Shapes/Shape_Pipe_90.uasset (120200) -> ../../../../../Projects/Besieged/Content/StarterContent/Shapes/Shape_Pipe_90.uasset
[2015.03.10-02.22.05:976][  0]LogPackFactory: Content/StarterContent/Shapes/Shape_Plane.uasset (43121) -> ../../../../../Projects/Besieged/Content/StarterContent/Shapes/Shape_Plane.uasset
[2015.03.10-02.22.05:976][  0]LogPackFactory: Content/StarterContent/Shapes/Shape_QuadPyramid.uasset (43744) -> ../../../../../Projects/Besieged/Content/StarterContent/Shapes/Shape_QuadPyramid.uasset
[2015.03.10-02.22.05:977][  0]LogPackFactory: Content/StarterContent/Shapes/Shape_Sphere.uasset (264634) -> ../../../../../Projects/Besieged/Content/StarterContent/Shapes/Shape_Sphere.uasset
[2015.03.10-02.22.05:978][  0]LogPackFactory: Content/StarterContent/Shapes/Shape_Torus.uasset (558042) -> ../../../../../Projects/Besieged/Content/StarterContent/Shapes/Shape_Torus.uasset
[2015.03.10-02.22.05:978][  0]LogPackFactory: Content/StarterContent/Shapes/Shape_Trim.uasset (51867) -> ../../../../../Projects/Besieged/Content/StarterContent/Shapes/Shape_Trim.uasset
[2015.03.10-02.22.05:979][  0]LogPackFactory: Content/StarterContent/Shapes/Shape_Trim_90_In.uasset (74804) -> ../../../../../Projects/Besieged/Content/StarterContent/Shapes/Shape_Trim_90_In.uasset
[2015.03.10-02.22.05:980][  0]LogPackFactory: Content/StarterContent/Shapes/Shape_Trim_90_Out.uasset (75706) -> ../../../../../Projects/Besieged/Content/StarterContent/Shapes/Shape_Trim_90_Out.uasset
[2015.03.10-02.22.05:980][  0]LogPackFactory: Content/StarterContent/Shapes/Shape_TriPyramid.uasset (41629) -> ../../../../../Projects/Besieged/Content/StarterContent/Shapes/Shape_TriPyramid.uasset
[2015.03.10-02.22.05:981][  0]LogPackFactory: Content/StarterContent/Shapes/Shape_Tube.uasset (190123) -> ../../../../../Projects/Besieged/Content/StarterContent/Shapes/Shape_Tube.uasset
[2015.03.10-02.22.05:982][  0]LogPackFactory: Content/StarterContent/Shapes/Shape_Wedge_A.uasset (45020) -> ../../../../../Projects/Besieged/Content/StarterContent/Shapes/Shape_Wedge_A.uasset
[2015.03.10-02.22.05:982][  0]LogPackFactory: Content/StarterContent/Shapes/Shape_Wedge_B.uasset (40642) -> ../../../../../Projects/Besieged/Content/StarterContent/Shapes/Shape_Wedge_B.uasset
[2015.03.10-02.22.05:983][  0]LogPackFactory: Content/StarterContent/Shapes/Shape_WideCapsule.uasset (150007) -> ../../../../../Projects/Besieged/Content/StarterContent/Shapes/Shape_WideCapsule.uasset
[2015.03.10-02.22.05:984][  0]LogPackFactory: Content/StarterContent/Textures/Metal_Tile_2.uasset (446) -> ../../../../../Projects/Besieged/Content/StarterContent/Textures/Metal_Tile_2.uasset
[2015.03.10-02.22.05:984][  0]LogPackFactory: Content/StarterContent/Textures/Metal_Tile_2_N.uasset (450) -> ../../../../../Projects/Besieged/Content/StarterContent/Textures/Metal_Tile_2_N.uasset
[2015.03.10-02.22.05:985][  0]LogPackFactory: Content/StarterContent/Textures/Sky54a2048.uasset (446) -> ../../../../../Projects/Besieged/Content/StarterContent/Textures/Sky54a2048.uasset
[2015.03.10-02.22.05:986][  0]LogPackFactory: Content/StarterContent/Textures/Sky54a2048LDR.uasset (449) -> ../../../../../Projects/Besieged/Content/StarterContent/Textures/Sky54a2048LDR.uasset
[2015.03.10-02.22.05:986][  0]LogPackFactory: Content/StarterContent/Textures/T_ArmorMetal01.uasset (450) -> ../../../../../Projects/Besieged/Content/StarterContent/Textures/T_ArmorMetal01.uasset
[2015.03.10-02.22.05:987][  0]LogPackFactory: Content/StarterContent/Textures/T_ArmorMetal01_N.uasset (452) -> ../../../../../Projects/Besieged/Content/StarterContent/Textures/T_ArmorMetal01_N.uasset
[2015.03.10-02.22.05:988][  0]LogPackFactory: Content/StarterContent/Textures/T_Bark02_D.uasset (446) -> ../../../../../Projects/Besieged/Content/StarterContent/Textures/T_Bark02_D.uasset
[2015.03.10-02.22.05:988][  0]LogPackFactory: Content/StarterContent/Textures/T_Bark02_N.uasset (446) -> ../../../../../Projects/Besieged/Content/StarterContent/Textures/T_Bark02_N.uasset
[2015.03.10-02.22.05:989][  0]LogPackFactory: Content/StarterContent/Textures/T_Base_Metal_Gray_D.uasset (455) -> ../../../../../Projects/Besieged/Content/StarterContent/Textures/T_Base_Metal_Gray_D.uasset
[2015.03.10-02.22.05:989][  0]LogPackFactory: Content/StarterContent/Textures/T_Base_Metal_Gray_N.uasset (455) -> ../../../../../Projects/Besieged/Content/StarterContent/Textures/T_Base_Metal_Gray_N.uasset
[2015.03.10-02.22.05:990][  0]LogPackFactory: Content/StarterContent/Textures/T_Brick_Clay_Beveled_D.uasset (7649619) -> ../../../../../Projects/Besieged/Content/StarterContent/Textures/T_Brick_Clay_Beveled_D.uasset
[2015.03.10-02.22.05:994][  0]LogPackFactory: Content/StarterContent/Textures/T_Brick_Clay_Beveled_M.uasset (8326301) -> ../../../../../Projects/Besieged/Content/StarterContent/Textures/T_Brick_Clay_Beveled_M.uasset
[2015.03.10-02.22.05:998][  0]LogPackFactory: Content/StarterContent/Textures/T_Brick_Clay_Beveled_N.uasset (7553391) -> ../../../../../Projects/Besieged/Content/StarterContent/Textures/T_Brick_Clay_Beveled_N.uasset
[2015.03.10-02.22.06:001][  0]LogPackFactory: Content/StarterContent/Textures/T_Brick_Clay_New_D.uasset (6035708) -> ../../../../../Projects/Besieged/Content/StarterContent/Textures/T_Brick_Clay_New_D.uasset
[2015.03.10-02.22.06:005][  0]LogPackFactory: Content/StarterContent/Textures/T_Brick_Clay_New_M.uasset (9201530) -> ../../../../../Projects/Besieged/Content/StarterContent/Textures/T_Brick_Clay_New_M.uasset
[2015.03.10-02.22.06:009][  0]LogPackFactory: Content/StarterContent/Textures/T_Brick_Clay_New_N.uasset (7865847) -> ../../../../../Projects/Besieged/Content/StarterContent/Textures/T_Brick_Clay_New_N.uasset
[2015.03.10-02.22.06:013][  0]LogPackFactory: Content/StarterContent/Textures/T_Brick_Clay_Old_D.uasset (11424774) -> ../../../../../Projects/Besieged/Content/StarterContent/Textures/T_Brick_Clay_Old_D.uasset
[2015.03.10-02.22.06:018][  0]LogPackFactory: Content/StarterContent/Textures/T_Brick_Clay_Old_N.uasset (7794699) -> ../../../../../Projects/Besieged/Content/StarterContent/Textures/T_Brick_Clay_Old_N.uasset
[2015.03.10-02.22.06:022][  0]LogPackFactory: Content/StarterContent/Textures/T_Brick_Cut_Stone_D.uasset (13386492) -> ../../../../../Projects/Besieged/Content/StarterContent/Textures/T_Brick_Cut_Stone_D.uasset
[2015.03.10-02.22.06:028][  0]LogPackFactory: Content/StarterContent/Textures/T_Brick_Cut_Stone_N.uasset (6679434) -> ../../../../../Projects/Besieged/Content/StarterContent/Textures/T_Brick_Cut_Stone_N.uasset
[2015.03.10-02.22.06:031][  0]LogPackFactory: Content/StarterContent/Textures/T_Brick_Hewn_Stone_D.uasset (7446677) -> ../../../../../Projects/Besieged/Content/StarterContent/Textures/T_Brick_Hewn_Stone_D.uasset
[2015.03.10-02.22.06:035][  0]LogPackFactory: Content/StarterContent/Textures/T_Brick_Hewn_Stone_M.uasset (6802269) -> ../../../../../Projects/Besieged/Content/StarterContent/Textures/T_Brick_Hewn_Stone_M.uasset
[2015.03.10-02.22.06:039][  0]LogPackFactory: Content/StarterContent/Textures/T_Brick_Hewn_Stone_N.uasset (8992435) -> ../../../../../Projects/Besieged/Content/StarterContent/Textures/T_Brick_Hewn_Stone_N.uasset
[2015.03.10-02.22.06:043][  0]LogPackFactory: Content/StarterContent/Textures/T_Burst_M.uasset (150025) -> ../../../../../Projects/Besieged/Content/StarterContent/Textures/T_Burst_M.uasset
[2015.03.10-02.22.06:044][  0]LogPackFactory: Content/StarterContent/Textures/T_Bush_D.uasset (552540) -> ../../../../../Projects/Besieged/Content/StarterContent/Textures/T_Bush_D.uasset
[2015.03.10-02.22.06:045][  0]LogPackFactory: Content/StarterContent/Textures/T_Bush_N.uasset (396574) -> ../../../../../Projects/Besieged/Content/StarterContent/Textures/T_Bush_N.uasset
[2015.03.10-02.22.06:045][  0]LogPackFactory: Content/StarterContent/Textures/T_Ceramic_Tile_M.uasset (277243) -> ../../../../../Projects/Besieged/Content/StarterContent/Textures/T_Ceramic_Tile_M.uasset
[2015.03.10-02.22.06:046][  0]LogPackFactory: Content/StarterContent/Textures/T_Ceramic_Tile_N.uasset (228293) -> ../../../../../Projects/Besieged/Content/StarterContent/Textures/T_Ceramic_Tile_N.uasset
[2015.03.10-02.22.06:047][  0]LogPackFactory: Content/StarterContent/Textures/T_Chair_M.uasset (576769) -> ../../../../../Projects/Besieged/Content/StarterContent/Textures/T_Chair_M.uasset
[2015.03.10-02.22.06:048][  0]LogPackFactory: Content/StarterContent/Textures/T_Chair_N.uasset (1937145) -> ../../../../../Projects/Besieged/Content/StarterContent/Textures/T_Chair_N.uasset
[2015.03.10-02.22.06:049][  0]LogPackFactory: Content/StarterContent/Textures/T_Checker_Noise_M.uasset (158406) -> ../../../../../Projects/Besieged/Content/StarterContent/Textures/T_Checker_Noise_M.uasset
[2015.03.10-02.22.06:050][  0]LogPackFactory: Content/StarterContent/Textures/T_Cliff_M.uasset (432) -> ../../../../../Projects/Besieged/Content/StarterContent/Textures/T_Cliff_M.uasset
[2015.03.10-02.22.06:051][  0]LogPackFactory: Content/StarterContent/Textures/T_Cliff_N.uasset (432) -> ../../../../../Projects/Besieged/Content/StarterContent/Textures/T_Cliff_N.uasset
[2015.03.10-02.22.06:051][  0]LogPackFactory: Content/StarterContent/Textures/T_Cobble_01_H.uasset (449) -> ../../../../../Projects/Besieged/Content/StarterContent/Textures/T_Cobble_01_H.uasset
[2015.03.10-02.22.06:052][  0]LogPackFactory: Content/StarterContent/Textures/T_CobbleDark_01_D.uasset (453) -> ../../../../../Projects/Besieged/Content/StarterContent/Textures/T_CobbleDark_01_D.uasset
[2015.03.10-02.22.06:052][  0]LogPackFactory: Content/StarterContent/Textures/T_CobbleStone_04_D.uasset (454) -> ../../../../../Projects/Besieged/Content/StarterContent/Textures/T_CobbleStone_04_D.uasset
[2015.03.10-02.22.06:053][  0]LogPackFactory: Content/StarterContent/Textures/T_CobbleStone_04_N.uasset (454) -> ../../../../../Projects/Besieged/Content/StarterContent/Textures/T_CobbleStone_04_N.uasset
[2015.03.10-02.22.06:054][  0]LogPackFactory: Content/StarterContent/Textures/T_CobbleStone_04_R.uasset (454) -> ../../../../../Projects/Besieged/Content/StarterContent/Textures/T_CobbleStone_04_R.uasset
[2015.03.10-02.22.06:054][  0]LogPackFactory: Content/StarterContent/Textures/T_CobbleStone_04b_D.uasset (455) -> ../../../../../Projects/Besieged/Content/StarterContent/Textures/T_CobbleStone_04b_D.uasset
[2015.03.10-02.22.06:055][  0]LogPackFactory: Content/StarterContent/Textures/T_CobbleStone_Pebble_D.uasset (11812314) -> ../../../../../Projects/Besieged/Content/StarterContent/Textures/T_CobbleStone_Pebble_D.uasset
[2015.03.10-02.22.06:061][  0]LogPackFactory: Content/StarterContent/Textures/T_CobbleStone_Pebble_M.uasset (1313598) -> ../../../../../Projects/Besieged/Content/StarterContent/Textures/T_CobbleStone_Pebble_M.uasset
[2015.03.10-02.22.06:062][  0]LogPackFactory: Content/StarterContent/Textures/T_CobbleStone_Pebble_N.uasset (11858728) -> ../../../../../Projects/Besieged/Content/StarterContent/Textures/T_CobbleStone_Pebble_N.uasset
[2015.03.10-02.22.06:067][  0]LogPackFactory: Content/StarterContent/Textures/T_CobbleStone_Rough_D.uasset (2936250) -> ../../../../../Projects/Besieged/Content/StarterContent/Textures/T_CobbleStone_Rough_D.uasset
[2015.03.10-02.22.06:069][  0]LogPackFactory: Content/StarterContent/Textures/T_CobbleStone_Rough_N.uasset (2700400) -> ../../../../../Projects/Besieged/Content/StarterContent/Textures/T_CobbleStone_Rough_N.uasset
[2015.03.10-02.22.06:092][  0]LogPackFactory: Content/StarterContent/Textures/T_CobbleStone_Smooth_D.uasset (6603341) -> ../../../../../Projects/Besieged/Content/StarterContent/Textures/T_CobbleStone_Smooth_D.uasset
[2015.03.10-02.22.06:096][  0]LogPackFactory: Content/StarterContent/Textures/T_CobbleStone_Smooth_M.uasset (5739577) -> ../../../../../Projects/Besieged/Content/StarterContent/Textures/T_CobbleStone_Smooth_M.uasset
[2015.03.10-02.22.06:099][  0]LogPackFactory: Content/StarterContent/Textures/T_CobbleStone_Smooth_N.uasset (8846507) -> ../../../../../Projects/Besieged/Content/StarterContent/Textures/T_CobbleStone_Smooth_N.uasset
[2015.03.10-02.22.06:103][  0]LogPackFactory: Content/StarterContent/Textures/T_Concrete01_D.uasset (450) -> ../../../../../Projects/Besieged/Content/StarterContent/Textures/T_Concrete01_D.uasset
[2015.03.10-02.22.06:104][  0]LogPackFactory: Content/StarterContent/Textures/T_Concrete01_N.uasset (450) -> ../../../../../Projects/Besieged/Content/StarterContent/Textures/T_Concrete01_N.uasset
[2015.03.10-02.22.06:105][  0]LogPackFactory: Content/StarterContent/Textures/T_Concrete_01_D.uasset (451) -> ../../../../../Projects/Besieged/Content/StarterContent/Textures/T_Concrete_01_D.uasset
[2015.03.10-02.22.06:105][  0]LogPackFactory: Content/StarterContent/Textures/T_Concrete_01_N.uasset (451) -> ../../../../../Projects/Besieged/Content/StarterContent/Textures/T_Concrete_01_N.uasset
[2015.03.10-02.22.06:106][  0]LogPackFactory: Content/StarterContent/Textures/T_Concrete_D.uasset (448) -> ../../../../../Projects/Besieged/Content/StarterContent/Textures/T_Concrete_D.uasset
[2015.03.10-02.22.06:107][  0]LogPackFactory: Content/StarterContent/Textures/T_Concrete_Floor01.uasset (454) -> ../../../../../Projects/Besieged/Content/StarterContent/Textures/T_Concrete_Floor01.uasset
[2015.03.10-02.22.06:107][  0]LogPackFactory: Content/StarterContent/Textures/T_Concrete_Floor01_N.uasset (456) -> ../../../../../Projects/Besieged/Content/StarterContent/Textures/T_Concrete_Floor01_N.uasset
[2015.03.10-02.22.06:108][  0]LogPackFactory: Content/StarterContent/Textures/T_Concrete_Grime_D.uasset (10691506) -> ../../../../../Projects/Besieged/Content/StarterContent/Textures/T_Concrete_Grime_D.uasset
[2015.03.10-02.22.06:113][  0]LogPackFactory: Content/StarterContent/Textures/T_Concrete_N.uasset (448) -> ../../../../../Projects/Besieged/Content/StarterContent/Textures/T_Concrete_N.uasset
[2015.03.10-02.22.06:114][  0]LogPackFactory: Content/StarterContent/Textures/T_Concrete_Panels_D.uasset (8513286) -> ../../../../../Projects/Besieged/Content/StarterContent/Textures/T_Concrete_Panels_D.uasset
[2015.03.10-02.22.06:118][  0]LogPackFactory: Content/StarterContent/Textures/T_Concrete_Panels_N.uasset (6558914) -> ../../../../../Projects/Besieged/Content/StarterContent/Textures/T_Concrete_Panels_N.uasset
[2015.03.10-02.22.06:121][  0]LogPackFactory: Content/StarterContent/Textures/T_Concrete_Poured_D.uasset (11600993) -> ../../../../../Projects/Besieged/Content/StarterContent/Textures/T_Concrete_Poured_D.uasset
[2015.03.10-02.22.06:126][  0]LogPackFactory: Content/StarterContent/Textures/T_Concrete_Poured_N.uasset (7452814) -> ../../../../../Projects/Besieged/Content/StarterContent/Textures/T_Concrete_Poured_N.uasset
[2015.03.10-02.22.06:130][  0]LogPackFactory: Content/StarterContent/Textures/T_Concrete_Tiles_D.uasset (4956380) -> ../../../../../Projects/Besieged/Content/StarterContent/Textures/T_Concrete_Tiles_D.uasset
[2015.03.10-02.22.06:133][  0]LogPackFactory: Content/StarterContent/Textures/T_Concrete_Tiles_M.uasset (5759659) -> ../../../../../Projects/Besieged/Content/StarterContent/Textures/T_Concrete_Tiles_M.uasset
[2015.03.10-02.22.06:136][  0]LogPackFactory: Content/StarterContent/Textures/T_Concrete_Tiles_N.uasset (6611650) -> ../../../../../Projects/Besieged/Content/StarterContent/Textures/T_Concrete_Tiles_N.uasset
[2015.03.10-02.22.06:140][  0]LogPackFactory: Content/StarterContent/Textures/T_Concrete_Tiles_Variation_M.uasset (4809) -> ../../../../../Projects/Besieged/Content/StarterContent/Textures/T_Concrete_Tiles_Variation_M.uasset
[2015.03.10-02.22.06:141][  0]LogPackFactory: Content/StarterContent/Textures/T_Concrete_Wall07.uasset (453) -> ../../../../../Projects/Besieged/Content/StarterContent/Textures/T_Concrete_Wall07.uasset
[2015.03.10-02.22.06:141][  0]LogPackFactory: Content/StarterContent/Textures/T_Concrete_Wall07_N.uasset (455) -> ../../../../../Projects/Besieged/Content/StarterContent/Textures/T_Concrete_Wall07_N.uasset
[2015.03.10-02.22.06:142][  0]LogPackFactory: Content/StarterContent/Textures/T_Concrete_Wall_D.uasset (453) -> ../../../../../Projects/Besieged/Content/StarterContent/Textures/T_Concrete_Wall_D.uasset
[2015.03.10-02.22.06:143][  0]LogPackFactory: Content/StarterContent/Textures/T_Concrete_Wall_N.uasset (453) -> ../../../../../Projects/Besieged/Content/StarterContent/Textures/T_Concrete_Wall_N.uasset
[2015.03.10-02.22.06:143][  0]LogPackFactory: Content/StarterContent/Textures/T_DesertCrystal01_N.uasset (455) -> ../../../../../Projects/Besieged/Content/StarterContent/Textures/T_DesertCrystal01_N.uasset
[2015.03.10-02.22.06:146][  0]LogPackFactory: Content/StarterContent/Textures/T_Detail_Rocky_N.uasset (2850093) -> ../../../../../Projects/Besieged/Content/StarterContent/Textures/T_Detail_Rocky_N.uasset
[2015.03.10-02.22.06:147][  0]LogPackFactory: Content/StarterContent/Textures/T_Dirt_D.uasset (444) -> ../../../../../Projects/Besieged/Content/StarterContent/Textures/T_Dirt_D.uasset
[2015.03.10-02.22.06:148][  0]LogPackFactory: Content/StarterContent/Textures/T_Dirt_N.uasset (444) -> ../../../../../Projects/Besieged/Content/StarterContent/Textures/T_Dirt_N.uasset
[2015.03.10-02.22.06:149][  0]LogPackFactory: Content/StarterContent/Textures/T_Door_M.uasset (554190) -> ../../../../../Projects/Besieged/Content/StarterContent/Textures/T_Door_M.uasset
[2015.03.10-02.22.06:150][  0]LogPackFactory: Content/StarterContent/Textures/T_Door_N.uasset (1074859) -> ../../../../../Projects/Besieged/Content/StarterContent/Textures/T_Door_N.uasset
[2015.03.10-02.22.06:151][  0]LogPackFactory: Content/StarterContent/Textures/T_Dust_Particle_D.uasset (32071) -> ../../../../../Projects/Besieged/Content/StarterContent/Textures/T_Dust_Particle_D.uasset
[2015.03.10-02.22.06:152][  0]LogPackFactory: Content/StarterContent/Textures/T_Explosion_SubUV.uasset (3004336) -> ../../../../../Projects/Besieged/Content/StarterContent/Textures/T_Explosion_SubUV.uasset
[2015.03.10-02.22.06:154][  0]LogPackFactory: Content/StarterContent/Textures/T_Fire_SubUV.uasset (525012) -> ../../../../../Projects/Besieged/Content/StarterContent/Textures/T_Fire_SubUV.uasset
[2015.03.10-02.22.06:154][  0]LogPackFactory: Content/StarterContent/Textures/T_Fire_Tiled_D.uasset (553370) -> ../../../../../Projects/Besieged/Content/StarterContent/Textures/T_Fire_Tiled_D.uasset
[2015.03.10-02.22.06:155][  0]LogPackFactory: Content/StarterContent/Textures/T_Frame_M.uasset (536068) -> ../../../../../Projects/Besieged/Content/StarterContent/Textures/T_Frame_M.uasset
[2015.03.10-02.22.06:156][  0]LogPackFactory: Content/StarterContent/Textures/T_Frame_N.uasset (1249187) -> ../../../../../Projects/Besieged/Content/StarterContent/Textures/T_Frame_N.uasset
[2015.03.10-02.22.06:158][  0]LogPackFactory: Content/StarterContent/Textures/T_Generic_Concrete_Base02.uasset (461) -> ../../../../../Projects/Besieged/Content/StarterContent/Textures/T_Generic_Concrete_Base02.uasset
[2015.03.10-02.22.06:160][  0]LogPackFactory: Content/StarterContent/Textures/T_Generic_Concrete_Base02_N.uasset (463) -> ../../../../../Projects/Besieged/Content/StarterContent/Textures/T_Generic_Concrete_Base02_N.uasset
[2015.03.10-02.22.06:160][  0]LogPackFactory: Content/StarterContent/Textures/T_Generic_Concrete_Base04_D.uasset (463) -> ../../../../../Projects/Besieged/Content/StarterContent/Textures/T_Generic_Concrete_Base04_D.uasset
[2015.03.10-02.22.06:161][  0]LogPackFactory: Content/StarterContent/Textures/T_Generic_Concrete_Base04_N.uasset (463) -> ../../../../../Projects/Besieged/Content/StarterContent/Textures/T_Generic_Concrete_Base04_N.uasset
[2015.03.10-02.22.06:162][  0]LogPackFactory: Content/StarterContent/Textures/T_Generic_Concrete_Base_06.uasset (462) -> ../../../../../Projects/Besieged/Content/StarterContent/Textures/T_Generic_Concrete_Base_06.uasset
[2015.03.10-02.22.06:163][  0]LogPackFactory: Content/StarterContent/Textures/T_Generic_Concrete_Base_06_N.uasset (464) -> ../../../../../Projects/Besieged/Content/StarterContent/Textures/T_Generic_Concrete_Base_06_N.uasset
[2015.03.10-02.22.06:164][  0]LogPackFactory: Content/StarterContent/Textures/T_Generic_Concrete_Base_07.uasset (462) -> ../../../../../Projects/Besieged/Content/StarterContent/Textures/T_Generic_Concrete_Base_07.uasset
[2015.03.10-02.22.06:164][  0]LogPackFactory: Content/StarterContent/Textures/T_Generic_Concrete_Base_07_N.uasset (464) -> ../../../../../Projects/Besieged/Content/StarterContent/Textures/T_Generic_Concrete_Base_07_N.uasset
[2015.03.10-02.22.06:165][  0]LogPackFactory: Content/StarterContent/Textures/T_Gradinet_01.uasset (5447) -> ../../../../../Projects/Besieged/Content/StarterContent/Textures/T_Gradinet_01.uasset
[2015.03.10-02.22.06:166][  0]LogPackFactory: Content/StarterContent/Textures/T_Gravel_D.uasset (425) -> ../../../../../Projects/Besieged/Content/StarterContent/Textures/T_Gravel_D.uasset
[2015.03.10-02.22.06:168][  0]LogPackFactory: Content/StarterContent/Textures/T_Gravel_N.uasset (425) -> ../../../../../Projects/Besieged/Content/StarterContent/Textures/T_Gravel_N.uasset
[2015.03.10-02.22.06:169][  0]LogPackFactory: Content/StarterContent/Textures/T_Ground_01_D.uasset (449) -> ../../../../../Projects/Besieged/Content/StarterContent/Textures/T_Ground_01_D.uasset
[2015.03.10-02.22.06:169][  0]LogPackFactory: Content/StarterContent/Textures/T_Ground_01_N.uasset (449) -> ../../../../../Projects/Besieged/Content/StarterContent/Textures/T_Ground_01_N.uasset
[2015.03.10-02.22.06:170][  0]LogPackFactory: Content/StarterContent/Textures/T_Ground_02_D.uasset (449) -> ../../../../../Projects/Besieged/Content/StarterContent/Textures/T_Ground_02_D.uasset
[2015.03.10-02.22.06:171][  0]LogPackFactory: Content/StarterContent/Textures/T_Ground_02_N.uasset (449) -> ../../../../../Projects/Besieged/Content/StarterContent/Textures/T_Ground_02_N.uasset
[2015.03.10-02.22.06:171][  0]LogPackFactory: Content/StarterContent/Textures/T_Ground_Detail_N.uasset (453) -> ../../../../../Projects/Besieged/Content/StarterContent/Textures/T_Ground_Detail_N.uasset
[2015.03.10-02.22.06:172][  0]LogPackFactory: Content/StarterContent/Textures/T_Ground_Dirt_D.uasset (451) -> ../../../../../Projects/Besieged/Content/StarterContent/Textures/T_Ground_Dirt_D.uasset
[2015.03.10-02.22.06:173][  0]LogPackFactory: Content/StarterContent/Textures/T_Ground_Dirt_N.uasset (451) -> ../../../../../Projects/Besieged/Content/StarterContent/Textures/T_Ground_Dirt_N.uasset
[2015.03.10-02.22.06:173][  0]LogPackFactory: Content/StarterContent/Textures/T_Ground_Grass_D.uasset (12014827) -> ../../../../../Projects/Besieged/Content/StarterContent/Textures/T_Ground_Grass_D.uasset
[2015.03.10-02.22.06:179][  0]LogPackFactory: Content/StarterContent/Textures/T_Ground_Grass_N.uasset (11617917) -> ../../../../../Projects/Besieged/Content/StarterContent/Textures/T_Ground_Grass_N.uasset
[2015.03.10-02.22.06:184][  0]LogPackFactory: Content/StarterContent/Textures/T_Ground_Gravel_D.uasset (10627659) -> ../../../../../Projects/Besieged/Content/StarterContent/Textures/T_Ground_Gravel_D.uasset
[2015.03.10-02.22.06:190][  0]LogPackFactory: Content/StarterContent/Textures/T_Ground_Gravel_N.uasset (7408581) -> ../../../../../Projects/Besieged/Content/StarterContent/Textures/T_Ground_Gravel_N.uasset
[2015.03.10-02.22.06:193][  0]LogPackFactory: Content/StarterContent/Textures/T_ground_Moss_D.uasset (13034653) -> ../../../../../Projects/Besieged/Content/StarterContent/Textures/T_ground_Moss_D.uasset
[2015.03.10-02.22.06:200][  0]LogPackFactory: Content/StarterContent/Textures/T_Ground_Moss_N.uasset (8389816) -> ../../../../../Projects/Besieged/Content/StarterContent/Textures/T_Ground_Moss_N.uasset
[2015.03.10-02.22.06:204][  0]LogPackFactory: Content/StarterContent/Textures/T_Ground_Noise_N.uasset (431) -> ../../../../../Projects/Besieged/Content/StarterContent/Textures/T_Ground_Noise_N.uasset
[2015.03.10-02.22.06:205][  0]LogPackFactory: Content/StarterContent/Textures/T_Lamp_M.uasset (781809) -> ../../../../../Projects/Besieged/Content/StarterContent/Textures/T_Lamp_M.uasset
[2015.03.10-02.22.06:206][  0]LogPackFactory: Content/StarterContent/Textures/T_Lamp_N.uasset (2076923) -> ../../../../../Projects/Besieged/Content/StarterContent/Textures/T_Lamp_N.uasset
[2015.03.10-02.22.06:208][  0]LogPackFactory: Content/StarterContent/Textures/T_MacroVariation.uasset (10882792) -> ../../../../../Projects/Besieged/Content/StarterContent/Textures/T_MacroVariation.uasset
[2015.03.10-02.22.06:213][  0]LogPackFactory: Content/StarterContent/Textures/T_Metal_Aluminum_D.uasset (9680629) -> ../../../../../Projects/Besieged/Content/StarterContent/Textures/T_Metal_Aluminum_D.uasset
[2015.03.10-02.22.06:219][  0]LogPackFactory: Content/StarterContent/Textures/T_Metal_Copper_D.uasset (8854788) -> ../../../../../Projects/Besieged/Content/StarterContent/Textures/T_Metal_Copper_D.uasset
[2015.03.10-02.22.06:224][  0]LogPackFactory: Content/StarterContent/Textures/T_Metal_Dark_Gun_metal_E.uasset (460) -> ../../../../../Projects/Besieged/Content/StarterContent/Textures/T_Metal_Dark_Gun_metal_E.uasset
[2015.03.10-02.22.06:225][  0]LogPackFactory: Content/StarterContent/Textures/T_Metal_Dark_Gun_metal_N.uasset (460) -> ../../../../../Projects/Besieged/Content/StarterContent/Textures/T_Metal_Dark_Gun_metal_N.uasset
[2015.03.10-02.22.06:225][  0]LogPackFactory: Content/StarterContent/Textures/T_Metal_Gold_D.uasset (8838906) -> ../../../../../Projects/Besieged/Content/StarterContent/Textures/T_Metal_Gold_D.uasset
[2015.03.10-02.22.06:231][  0]LogPackFactory: Content/StarterContent/Textures/T_Metal_Gold_N.uasset (2813572) -> ../../../../../Projects/Besieged/Content/StarterContent/Textures/T_Metal_Gold_N.uasset
[2015.03.10-02.22.06:234][  0]LogPackFactory: Content/StarterContent/Textures/T_Metal_Metal01_D.uasset (453) -> ../../../../../Projects/Besieged/Content/StarterContent/Textures/T_Metal_Metal01_D.uasset
[2015.03.10-02.22.06:234][  0]LogPackFactory: Content/StarterContent/Textures/T_Metal_Metal01_N.uasset (453) -> ../../../../../Projects/Besieged/Content/StarterContent/Textures/T_Metal_Metal01_N.uasset
[2015.03.10-02.22.06:263][  0]LogPackFactory: Content/StarterContent/Textures/T_Metal_Metal03_D.uasset (453) -> ../../../../../Projects/Besieged/Content/StarterContent/Textures/T_Metal_Metal03_D.uasset
[2015.03.10-02.22.06:268][  0]LogPackFactory: Content/StarterContent/Textures/T_Metal_Metal03_N.uasset (453) -> ../../../../../Projects/Besieged/Content/StarterContent/Textures/T_Metal_Metal03_N.uasset
[2015.03.10-02.22.06:268][  0]LogPackFactory: Content/StarterContent/Textures/T_Metal_Painted_04_D.uasset (456) -> ../../../../../Projects/Besieged/Content/StarterContent/Textures/T_Metal_Painted_04_D.uasset
[2015.03.10-02.22.06:269][  0]LogPackFactory: Content/StarterContent/Textures/T_Metal_Painted_04_N.uasset (456) -> ../../../../../Projects/Besieged/Content/StarterContent/Textures/T_Metal_Painted_04_N.uasset
[2015.03.10-02.22.06:274][  0]LogPackFactory: Content/StarterContent/Textures/T_Metal_Rust_01_D.uasset (453) -> ../../../../../Projects/Besieged/Content/StarterContent/Textures/T_Metal_Rust_01_D.uasset
[2015.03.10-02.22.06:275][  0]LogPackFactory: Content/StarterContent/Textures/T_Metal_Rust_01_N.uasset (453) -> ../../../../../Projects/Besieged/Content/StarterContent/Textures/T_Metal_Rust_01_N.uasset
[2015.03.10-02.22.06:277][  0]LogPackFactory: Content/StarterContent/Textures/T_Metal_Rust_D.uasset (9329320) -> ../../../../../Projects/Besieged/Content/StarterContent/Textures/T_Metal_Rust_D.uasset
[2015.03.10-02.22.06:283][  0]LogPackFactory: Content/StarterContent/Textures/T_Metal_Rust_N.uasset (7504761) -> ../../../../../Projects/Besieged/Content/StarterContent/Textures/T_Metal_Rust_N.uasset
[2015.03.10-02.22.06:288][  0]LogPackFactory: Content/StarterContent/Textures/T_Metal_Scuffed_D.uasset (453) -> ../../../../../Projects/Besieged/Content/StarterContent/Textures/T_Metal_Scuffed_D.uasset
[2015.03.10-02.22.06:291][  0]LogPackFactory: Content/StarterContent/Textures/T_Metal_Scuffed_N.uasset (453) -> ../../../../../Projects/Besieged/Content/StarterContent/Textures/T_Metal_Scuffed_N.uasset
[2015.03.10-02.22.06:294][  0]LogPackFactory: Content/StarterContent/Textures/T_Metal_Steel_D.uasset (3581726) -> ../../../../../Projects/Besieged/Content/StarterContent/Textures/T_Metal_Steel_D.uasset
[2015.03.10-02.22.06:299][  0]LogPackFactory: Content/StarterContent/Textures/T_Metal_Steel_N.uasset (4922590) -> ../../../../../Projects/Besieged/Content/StarterContent/Textures/T_Metal_Steel_N.uasset
[2015.03.10-02.22.06:303][  0]LogPackFactory: Content/StarterContent/Textures/T_Paint_Metal_Rust_D.uasset (456) -> ../../../../../Projects/Besieged/Content/StarterContent/Textures/T_Paint_Metal_Rust_D.uasset
[2015.03.10-02.22.06:308][  0]LogPackFactory: Content/StarterContent/Textures/T_Paint_Metal_Rust_N.uasset (456) -> ../../../../../Projects/Besieged/Content/StarterContent/Textures/T_Paint_Metal_Rust_N.uasset
[2015.03.10-02.22.06:319][  0]LogPackFactory: Content/StarterContent/Textures/T_PaintedMetal01.uasset (452) -> ../../../../../Projects/Besieged/Content/StarterContent/Textures/T_PaintedMetal01.uasset
[2015.03.10-02.22.06:327][  0]LogPackFactory: Content/StarterContent/Textures/T_PaintedMetal01_N.uasset (454) -> ../../../../../Projects/Besieged/Content/StarterContent/Textures/T_PaintedMetal01_N.uasset
[2015.03.10-02.22.06:340][  0]LogPackFactory: Content/StarterContent/Textures/T_PatchyGrass_D.uasset (451) -> ../../../../../Projects/Besieged/Content/StarterContent/Textures/T_PatchyGrass_D.uasset
[2015.03.10-02.22.06:516][  0]LogPackFactory: Content/StarterContent/Textures/T_PatchyGrass_N.uasset (451) -> ../../../../../Projects/Besieged/Content/StarterContent/Textures/T_PatchyGrass_N.uasset
[2015.03.10-02.22.06:725][  0]LogPackFactory: Content/StarterContent/Textures/T_Perlin_Noise_M.uasset (7869402) -> ../../../../../Projects/Besieged/Content/StarterContent/Textures/T_Perlin_Noise_M.uasset
[2015.03.10-02.22.06:735][  0]LogPackFactory: Content/StarterContent/Textures/T_Rock_01_D.uasset (447) -> ../../../../../Projects/Besieged/Content/StarterContent/Textures/T_Rock_01_D.uasset
[2015.03.10-02.22.06:845][  0]LogPackFactory: Content/StarterContent/Textures/T_Rock_01_N.uasset (447) -> ../../../../../Projects/Besieged/Content/StarterContent/Textures/T_Rock_01_N.uasset
[2015.03.10-02.22.07:068][  0]LogPackFactory: Content/StarterContent/Textures/T_Rock_03_D.uasset (447) -> ../../../../../Projects/Besieged/Content/StarterContent/Textures/T_Rock_03_D.uasset
[2015.03.10-02.22.07:072][  0]LogPackFactory: Content/StarterContent/Textures/T_Rock_03_N.uasset (447) -> ../../../../../Projects/Besieged/Content/StarterContent/Textures/T_Rock_03_N.uasset
[2015.03.10-02.22.07:073][  0]LogPackFactory: Content/StarterContent/Textures/T_Rock_05_D.uasset (447) -> ../../../../../Projects/Besieged/Content/StarterContent/Textures/T_Rock_05_D.uasset
[2015.03.10-02.22.07:074][  0]LogPackFactory: Content/StarterContent/Textures/T_Rock_05_N.uasset (447) -> ../../../../../Projects/Besieged/Content/StarterContent/Textures/T_Rock_05_N.uasset
[2015.03.10-02.22.07:077][  0]LogPackFactory: Content/StarterContent/Textures/T_Rock_06_D.uasset (447) -> ../../../../../Projects/Besieged/Content/StarterContent/Textures/T_Rock_06_D.uasset
[2015.03.10-02.22.07:077][  0]LogPackFactory: Content/StarterContent/Textures/T_Rock_06_N.uasset (447) -> ../../../../../Projects/Besieged/Content/StarterContent/Textures/T_Rock_06_N.uasset
[2015.03.10-02.22.07:078][  0]LogPackFactory: Content/StarterContent/Textures/T_Rock_07_D.uasset (447) -> ../../../../../Projects/Besieged/Content/StarterContent/Textures/T_Rock_07_D.uasset
[2015.03.10-02.22.07:078][  0]LogPackFactory: Content/StarterContent/Textures/T_Rock_07_N.uasset (447) -> ../../../../../Projects/Besieged/Content/StarterContent/Textures/T_Rock_07_N.uasset
[2015.03.10-02.22.07:081][  0]LogPackFactory: Content/StarterContent/Textures/T_Rock_07b_D.uasset (448) -> ../../../../../Projects/Besieged/Content/StarterContent/Textures/T_Rock_07b_D.uasset
[2015.03.10-02.22.07:081][  0]LogPackFactory: Content/StarterContent/Textures/T_Rock_08_D.uasset (447) -> ../../../../../Projects/Besieged/Content/StarterContent/Textures/T_Rock_08_D.uasset
[2015.03.10-02.22.07:082][  0]LogPackFactory: Content/StarterContent/Textures/T_Rock_08_N.uasset (447) -> ../../../../../Projects/Besieged/Content/StarterContent/Textures/T_Rock_08_N.uasset
[2015.03.10-02.22.07:083][  0]LogPackFactory: Content/StarterContent/Textures/T_Rock_09_D.uasset (447) -> ../../../../../Projects/Besieged/Content/StarterContent/Textures/T_Rock_09_D.uasset
[2015.03.10-02.22.07:085][  0]LogPackFactory: Content/StarterContent/Textures/T_Rock_10_D.uasset (447) -> ../../../../../Projects/Besieged/Content/StarterContent/Textures/T_Rock_10_D.uasset
[2015.03.10-02.22.07:086][  0]LogPackFactory: Content/StarterContent/Textures/T_Rock_10_N.uasset (447) -> ../../../../../Projects/Besieged/Content/StarterContent/Textures/T_Rock_10_N.uasset
[2015.03.10-02.22.07:086][  0]LogPackFactory: Content/StarterContent/Textures/T_Rock_11b_D.uasset (448) -> ../../../../../Projects/Besieged/Content/StarterContent/Textures/T_Rock_11b_D.uasset
[2015.03.10-02.22.07:089][  0]LogPackFactory: Content/StarterContent/Textures/T_Rock_Basalt_D.uasset (9359943) -> ../../../../../Projects/Besieged/Content/StarterContent/Textures/T_Rock_Basalt_D.uasset
[2015.03.10-02.22.07:098][  0]LogPackFactory: Content/StarterContent/Textures/T_Rock_Basalt_N.uasset (7847129) -> ../../../../../Projects/Besieged/Content/StarterContent/Textures/T_Rock_Basalt_N.uasset
[2015.03.10-02.22.07:102][  0]LogPackFactory: Content/StarterContent/Textures/T_Rock_Detail_02_D.uasset (454) -> ../../../../../Projects/Besieged/Content/StarterContent/Textures/T_Rock_Detail_02_D.uasset
[2015.03.10-02.22.07:103][  0]LogPackFactory: Content/StarterContent/Textures/T_Rock_Detail_02_N.uasset (454) -> ../../../../../Projects/Besieged/Content/StarterContent/Textures/T_Rock_Detail_02_N.uasset
[2015.03.10-02.22.07:103][  0]LogPackFactory: Content/StarterContent/Textures/T_Rock_Detail_03_D.uasset (454) -> ../../../../../Projects/Besieged/Content/StarterContent/Textures/T_Rock_Detail_03_D.uasset
[2015.03.10-02.22.07:370][  0]LogPackFactory: Content/StarterContent/Textures/T_Rock_Marble_Polished_D.uasset (5327483) -> ../../../../../Projects/Besieged/Content/StarterContent/Textures/T_Rock_Marble_Polished_D.uasset
[2015.03.10-02.22.07:374][  0]LogPackFactory: Content/StarterContent/Textures/T_Rock_Sandstone_D.uasset (9234423) -> ../../../../../Projects/Besieged/Content/StarterContent/Textures/T_Rock_Sandstone_D.uasset
[2015.03.10-02.22.07:379][  0]LogPackFactory: Content/StarterContent/Textures/T_Rock_Sandstone_N.uasset (8399811) -> ../../../../../Projects/Besieged/Content/StarterContent/Textures/T_Rock_Sandstone_N.uasset
[2015.03.10-02.22.07:383][  0]LogPackFactory: Content/StarterContent/Textures/T_Rock_Slate_D.uasset (12333988) -> ../../../../../Projects/Besieged/Content/StarterContent/Textures/T_Rock_Slate_D.uasset
[2015.03.10-02.22.07:408][  0]LogPackFactory: Content/StarterContent/Textures/T_Rock_Slate_N.uasset (9649859) -> ../../../../../Projects/Besieged/Content/StarterContent/Textures/T_Rock_Slate_N.uasset
[2015.03.10-02.22.07:413][  0]LogPackFactory: Content/StarterContent/Textures/T_Rock_Smooth_Granite_D.uasset (8829490) -> ../../../../../Projects/Besieged/Content/StarterContent/Textures/T_Rock_Smooth_Granite_D.uasset
[2015.03.10-02.22.07:418][  0]LogPackFactory: Content/StarterContent/Textures/T_RockMesh_M.uasset (2706973) -> ../../../../../Projects/Besieged/Content/StarterContent/Textures/T_RockMesh_M.uasset
[2015.03.10-02.22.07:420][  0]LogPackFactory: Content/StarterContent/Textures/T_RockMesh_N.uasset (5375053) -> ../../../../../Projects/Besieged/Content/StarterContent/Textures/T_RockMesh_N.uasset
[2015.03.10-02.22.07:439][  0]LogPackFactory: Content/StarterContent/Textures/T_Rocky_01_N.uasset (448) -> ../../../../../Projects/Besieged/Content/StarterContent/Textures/T_Rocky_01_N.uasset
[2015.03.10-02.22.07:440][  0]LogPackFactory: Content/StarterContent/Textures/T_Shelf_M.uasset (651298) -> ../../../../../Projects/Besieged/Content/StarterContent/Textures/T_Shelf_M.uasset
[2015.03.10-02.22.07:441][  0]LogPackFactory: Content/StarterContent/Textures/T_Shelf_N.uasset (1639501) -> ../../../../../Projects/Besieged/Content/StarterContent/Textures/T_Shelf_N.uasset
[2015.03.10-02.22.07:442][  0]LogPackFactory: Content/StarterContent/Textures/T_Single_Tile_N.uasset (6402) -> ../../../../../Projects/Besieged/Content/StarterContent/Textures/T_Single_Tile_N.uasset
[2015.03.10-02.22.07:460][  0]LogPackFactory: Content/StarterContent/Textures/T_Sky_Clouds_M.uasset (450) -> ../../../../../Projects/Besieged/Content/StarterContent/Textures/T_Sky_Clouds_M.uasset
[2015.03.10-02.22.07:461][  0]LogPackFactory: Content/StarterContent/Textures/T_Sky_Stars.uasset (447) -> ../../../../../Projects/Besieged/Content/StarterContent/Textures/T_Sky_Stars.uasset
[2015.03.10-02.22.07:461][  0]LogPackFactory: Content/StarterContent/Textures/T_Smoke_SubUV.uasset (2630744) -> ../../../../../Projects/Besieged/Content/StarterContent/Textures/T_Smoke_SubUV.uasset
[2015.03.10-02.22.07:464][  0]LogPackFactory: Content/StarterContent/Textures/T_Smoke_Tiled_D.uasset (91431) -> ../../../../../Projects/Besieged/Content/StarterContent/Textures/T_Smoke_Tiled_D.uasset
[2015.03.10-02.22.07:466][  0]LogPackFactory: Content/StarterContent/Textures/T_Spark_Core.uasset (162316) -> ../../../../../Projects/Besieged/Content/StarterContent/Textures/T_Spark_Core.uasset
[2015.03.10-02.22.07:466][  0]LogPackFactory: Content/StarterContent/Textures/T_Statue_M.uasset (546786) -> ../../../../../Projects/Besieged/Content/StarterContent/Textures/T_Statue_M.uasset
[2015.03.10-02.22.07:467][  0]LogPackFactory: Content/StarterContent/Textures/T_Statue_N.uasset (515360) -> ../../../../../Projects/Besieged/Content/StarterContent/Textures/T_Statue_N.uasset
[2015.03.10-02.22.07:468][  0]LogPackFactory: Content/StarterContent/Textures/T_Stone_Brick_D.uasset (451) -> ../../../../../Projects/Besieged/Content/StarterContent/Textures/T_Stone_Brick_D.uasset
[2015.03.10-02.22.07:485][  0]LogPackFactory: Content/StarterContent/Textures/T_Stone_Brick_N.uasset (451) -> ../../../../../Projects/Besieged/Content/StarterContent/Textures/T_Stone_Brick_N.uasset
[2015.03.10-02.22.07:486][  0]LogPackFactory: Content/StarterContent/Textures/T_TableRound_M.uasset (870486) -> ../../../../../Projects/Besieged/Content/StarterContent/Textures/T_TableRound_M.uasset
[2015.03.10-02.22.07:487][  0]LogPackFactory: Content/StarterContent/Textures/T_TableRound_N.uasset (1549086) -> ../../../../../Projects/Besieged/Content/StarterContent/Textures/T_TableRound_N.uasset
[2015.03.10-02.22.07:489][  0]LogPackFactory: Content/StarterContent/Textures/T_Tech_Dot_M.uasset (107174) -> ../../../../../Projects/Besieged/Content/StarterContent/Textures/T_Tech_Dot_M.uasset
[2015.03.10-02.22.07:489][  0]LogPackFactory: Content/StarterContent/Textures/T_Tech_Dot_N.uasset (202333) -> ../../../../../Projects/Besieged/Content/StarterContent/Textures/T_Tech_Dot_N.uasset
[2015.03.10-02.22.07:490][  0]LogPackFactory: Content/StarterContent/Textures/T_Tech_Hex_Tile_M.uasset (793459) -> ../../../../../Projects/Besieged/Content/StarterContent/Textures/T_Tech_Hex_Tile_M.uasset
[2015.03.10-02.22.07:491][  0]LogPackFactory: Content/StarterContent/Textures/T_Tech_Hex_Tile_N.uasset (493875) -> ../../../../../Projects/Besieged/Content/StarterContent/Textures/T_Tech_Hex_Tile_N.uasset
[2015.03.10-02.22.07:492][  0]LogPackFactory: Content/StarterContent/Textures/T_Tech_Panel_M.uasset (979689) -> ../../../../../Projects/Besieged/Content/StarterContent/Textures/T_Tech_Panel_M.uasset
[2015.03.10-02.22.07:493][  0]LogPackFactory: Content/StarterContent/Textures/T_Tech_Panel_N.uasset (1860674) -> ../../../../../Projects/Besieged/Content/StarterContent/Textures/T_Tech_Panel_N.uasset
[2015.03.10-02.22.07:494][  0]LogPackFactory: Content/StarterContent/Textures/T_Underground_Base_Pipe_D.uasset (461) -> ../../../../../Projects/Besieged/Content/StarterContent/Textures/T_Underground_Base_Pipe_D.uasset
[2015.03.10-02.22.07:495][  0]LogPackFactory: Content/StarterContent/Textures/T_Underground_Base_Pipe_N.uasset (461) -> ../../../../../Projects/Besieged/Content/StarterContent/Textures/T_Underground_Base_Pipe_N.uasset
[2015.03.10-02.22.07:496][  0]LogPackFactory: Content/StarterContent/Textures/T_UNV_Concrete02.uasset (452) -> ../../../../../Projects/Besieged/Content/StarterContent/Textures/T_UNV_Concrete02.uasset
[2015.03.10-02.22.07:497][  0]LogPackFactory: Content/StarterContent/Textures/T_UNV_Concrete02_N.uasset (454) -> ../../../../../Projects/Besieged/Content/StarterContent/Textures/T_UNV_Concrete02_N.uasset
[2015.03.10-02.22.07:497][  0]LogPackFactory: Content/StarterContent/Textures/T_Water_M.uasset (1696467) -> ../../../../../Projects/Besieged/Content/StarterContent/Textures/T_Water_M.uasset
[2015.03.10-02.22.07:499][  0]LogPackFactory: Content/StarterContent/Textures/T_Water_N.uasset (2087420) -> ../../../../../Projects/Besieged/Content/StarterContent/Textures/T_Water_N.uasset
[2015.03.10-02.22.07:500][  0]LogPackFactory: Content/StarterContent/Textures/T_White_Painted_Metal_D.uasset (459) -> ../../../../../Projects/Besieged/Content/StarterContent/Textures/T_White_Painted_Metal_D.uasset
[2015.03.10-02.22.07:501][  0]LogPackFactory: Content/StarterContent/Textures/T_White_Painted_Metal_N.uasset (459) -> ../../../../../Projects/Besieged/Content/StarterContent/Textures/T_White_Painted_Metal_N.uasset
[2015.03.10-02.22.07:502][  0]LogPackFactory: Content/StarterContent/Textures/T_Wood_a_d.uasset (446) -> ../../../../../Projects/Besieged/Content/StarterContent/Textures/T_Wood_a_d.uasset
[2015.03.10-02.22.07:503][  0]LogPackFactory: Content/StarterContent/Textures/T_Wood_A_N.uasset (446) -> ../../../../../Projects/Besieged/Content/StarterContent/Textures/T_Wood_A_N.uasset
[2015.03.10-02.22.07:503][  0]LogPackFactory: Content/StarterContent/Textures/T_Wood_A_S.uasset (446) -> ../../../../../Projects/Besieged/Content/StarterContent/Textures/T_Wood_A_S.uasset
[2015.03.10-02.22.07:504][  0]LogPackFactory: Content/StarterContent/Textures/T_Wood_Floor_Walnut_D.uasset (4584206) -> ../../../../../Projects/Besieged/Content/StarterContent/Textures/T_Wood_Floor_Walnut_D.uasset
[2015.03.10-02.22.07:507][  0]LogPackFactory: Content/StarterContent/Textures/T_Wood_Floor_Walnut_M.uasset (3940729) -> ../../../../../Projects/Besieged/Content/StarterContent/Textures/T_Wood_Floor_Walnut_M.uasset
[2015.03.10-02.22.07:509][  0]LogPackFactory: Content/StarterContent/Textures/T_Wood_Floor_Walnut_N.uasset (2858538) -> ../../../../../Projects/Besieged/Content/StarterContent/Textures/T_Wood_Floor_Walnut_N.uasset
[2015.03.10-02.22.07:511][  0]LogPackFactory: Content/StarterContent/Textures/T_Wood_Oak_D.uasset (6707252) -> ../../../../../Projects/Besieged/Content/StarterContent/Textures/T_Wood_Oak_D.uasset
[2015.03.10-02.22.07:515][  0]LogPackFactory: Content/StarterContent/Textures/T_Wood_Oak_N.uasset (6245295) -> ../../../../../Projects/Besieged/Content/StarterContent/Textures/T_Wood_Oak_N.uasset
[2015.03.10-02.22.07:519][  0]LogPackFactory: Content/StarterContent/Textures/T_Wood_Pine_D.uasset (9690724) -> ../../../../../Projects/Besieged/Content/StarterContent/Textures/T_Wood_Pine_D.uasset
[2015.03.10-02.22.07:524][  0]LogPackFactory: Content/StarterContent/Textures/T_Wood_Pine_N.uasset (3467174) -> ../../../../../Projects/Besieged/Content/StarterContent/Textures/T_Wood_Pine_N.uasset
[2015.03.10-02.22.07:526][  0]LogPackFactory: Content/StarterContent/Textures/T_Wood_Walnut_D.uasset (6509713) -> ../../../../../Projects/Besieged/Content/StarterContent/Textures/T_Wood_Walnut_D.uasset
[2015.03.10-02.22.07:530][  0]LogPackFactory: Content/StarterContent/Textures/T_Wood_Walnut_N.uasset (3836013) -> ../../../../../Projects/Besieged/Content/StarterContent/Textures/T_Wood_Walnut_N.uasset
[2015.03.10-02.22.07:532][  0]LogPackFactory: Finished extracting 750 files (including 0 errors).
[2015.03.10-02.22.07:709][  0]LogRenderer:Warning: Reallocating scene render targets to support 256x256 (Frame:2).
[2015.03.10-02.22.07:771][  0]Cmd: OBJ SAVEPACKAGE PACKAGE="/Game/StarterContent/Architecture/Floor_400x400" FILE="../../../../../Projects/Besieged/Content/StarterContent/Architecture/Floor_400x400.uasset" SILENT=true
[2015.03.10-02.22.08:044][  0]LogSavePackage: Save=270.512024ms
[2015.03.10-02.22.08:044][  0]LogSavePackage: Moving '../../../../../Projects/Besieged/Saved/Floor_400x4009CAB0C6D48CA27F24B6ECA9E7972336B.tmp' to '../../../../../Projects/Besieged/Content/StarterContent/Architecture/Floor_400x400.uasset'
[2015.03.10-02.22.08:047][  0]LogFeaturePack:Warning: Inserted 1 feature packs
[2015.03.10-02.22.08:048][  0]Cmd: MAP LOAD FILE="../../../../../Projects/Besieged/Content/TopDownBP/Maps/TopDownExampleMap.umap" TEMPLATE=0 SHOWPROGRESS=1 FEATURELEVEL=3
[2015.03.10-02.22.08:048][  0]LightingResults: New page: Lighting Build
[2015.03.10-02.22.08:064][  0]MapCheck: New page: Map Check
[2015.03.10-02.22.08:064][  0]LightingResults: New page: Lighting Build
[2015.03.10-02.22.08:069][  0]LogParticles: Destroying 0 GPU particle simulations for FXSystem 0x00000000043DC680
[2015.03.10-02.22.08:912][  0]LogEditorServer: Finished looking for orphan Actors (0.000 secs)
[2015.03.10-02.22.09:519][  0]LogAIModule: Creating AISystem for world TopDownExampleMap
[2015.03.10-02.22.09:520][  0]Cmd: MAP CHECKDEP
[2015.03.10-02.22.09:520][  0]MapCheck: New page: TopDownExampleMap - Mar 9, 2015, 4:22:09 PM
[2015.03.10-02.22.09:601][  0]MapCheck: Info Map check complete: 0 Error(s), 0 Warning(s), took 81.721ms to complete.
[2015.03.10-02.22.09:601][  0]LogFileHelpers: Loading map 'TopDownExampleMap' took 1.554
[2015.03.10-02.22.09:720][  0]LogCollectionManager: Loaded 0 collections in 0.001884 seconds
[2015.03.10-02.22.09:727][  0]LogContentBrowser: Native class hierarchy populated in 0.0064 seconds. Added 1696 classes and 261 folders.
[2015.03.10-02.22.09:775][  0]LogContentBrowser: Native class hierarchy updated for 'SceneOutliner' in 0.0013 seconds. Added 1 classes and 2 folders.
[2015.03.10-02.22.09:836][  0]LogCrashTracker: Crashtracker disabled due to settings.
[2015.03.10-02.22.09:837][  0]LogSlate:Warning: Failed to load font data from 'Veranda'
[2015.03.10-02.22.09:842][  0]LogUObjectGlobals:Warning: Failed to find object 'Class None.'
[2015.03.10-02.22.09:866][  0]LogLoad: Full Startup: 26.51 seconds (BP compile: 0.25 seconds)
[2015.03.10-02.22.09:900][  0]LogContentBrowser:Verbose: The content 